ToontownStart: Polling for game2 to finish...
ToontownStart: Game2 is finished.
ToontownStart: Starting the game.
ToontownStart: setting default font
TTLocalizer: Running in language: english
from toontown.toonbase.TTLocalizerEnglish import *
OTPLocalizer: Running in language: english
from otp.otpbase.OTPLocalizerEnglish import *
ToontownStart: Loading default gui sounds
ToontownStart: serverVersion:  tti-retro-dev
Preloading avatars...
Done preloading avatars.
{401000001: <toontown.distributed.ToontownDistrict.ToontownDistrict instance at 0x1259F238>}
entering active SC menu
local
1
Reading DNA file... phase_4/dna/storage.dna
Reading DNA file... phase_3.5/dna/storage_interior.dna
Reading DNA file... phase_4/dna/storage_TT.dna
Reading DNA file... phase_4/dna/storage_TT_sz.dna
Reading DNA file... phase_4/dna/toontown_central_sz.dna
fisherman origin:  render/loader_data/toontownCentral/fishing_pond_1/npc_fisherman_origin_0
updating achievements page
Traceback (most recent call last):
  File "<string>", line 4, in <module>
  File "<string>", line 13, in <module>
AttributeError: 'Thread' object has no attribute 'kill'

Traceback (most recent call last):
  File "<string>", line 4, in <module>
  File "<string>", line 13, in <module>
AttributeError: 'Thread' object has no attribute 'stop'

Traceback (most recent call last):
  File "<string>", line 4, in <module>
  File "<string>", line 13, in <module>
AttributeError: 'Thread' object has no attribute 'stop'

Traceback (most recent call last):
  File "D:\Usuario\Downloads\tts\TTISource\ToontownInfiniteRetro\toontown\toonbase\ToontownStart.py", line 225, in tick
    self.root.update()
  File "D:\Usuario\Downloads\tts\TTISource\Panda3D-1.9.0\python\lib\lib-tk\Tkinter.py", line 962, in update
    self.tk.call('update')
_tkinter.TclError: can't invoke "update" command:  application has been destroyed
Traceback (most recent call last):
  File "otp\otpbase\OTPBase.py", line 239, in run
    taskMgr.run()
  File "D:\Usuario\Downloads\tts\TTISource\Panda3D-1.9.0\direct\task\Task.py", line 502, in run
    self.step()
  File "D:\Usuario\Downloads\tts\TTISource\Panda3D-1.9.0\direct\task\Task.py", line 460, in step
    self.mgr.poll()
  File "D:\Usuario\Downloads\tts\TTISource\ToontownInfiniteRetro\toontown\toonbase\ToontownStart.py", line 225, in tick
    self.root.update()
  File "D:\Usuario\Downloads\tts\TTISource\Panda3D-1.9.0\python\lib\lib-tk\Tkinter.py", line 962, in update
    self.tk.call('update')
TclError: can't invoke "update" command:  application has been destroyed
