ToontownStart: Polling for game2 to finish...
ToontownStart: Game2 is finished.
ToontownStart: Starting the game.
ToontownStart: setting default font
TTLocalizer: Running in language: english
from toontown.toonbase.TTLocalizerEnglish import *
OTPLocalizer: Running in language: english
from otp.otpbase.OTPLocalizerEnglish import *
ToontownStart: Loading default gui sounds
ToontownStart: serverVersion:  tti-retro-dev
Preloading avatars...
Done preloading avatars.
{401000001: <toontown.distributed.ToontownDistrict.ToontownDistrict instance at 0x235A01E8>}
entering active SC menu
local
0
Reading DNA file... phase_4/dna/storage.dna
Reading DNA file... phase_3.5/dna/storage_interior.dna
Reading DNA file... phase_8/dna/storage_BR.dna
Reading DNA file... phase_8/dna/storage_BR_sz.dna
Reading DNA file... phase_8/dna/the_burrrgh_sz.dna
empty flat building with no walls
DNALandmarkBuilding sb11:toon_landmark_BR_pet_shop_DNARoot did not find **/*suit_building_origin
fisherman origin:  render/loader_data/theBurrrgh/fishing_pond_1/npc_fisherman_origin_0
OnscreenText.configure: mayChange == 0
OnscreenText.configure: mayChange == 0
OnscreenText.configure: mayChange == 0
OnscreenText.configure: mayChange == 0
Reading DNA file... phase_5.5/dna/storage_estate.dna
Reading DNA file... phase_5.5/dna/estate_1.dna
bobobobobobobo
frame rate: 85.3 fps|0.003d|0 avs||336|344||0x10de|0x11c8|481.2MB|524.5MB|8136.0MB|1259|nt.2.6.2|3.601,3.601|4,8 cpus|OpenGL
frame rate: 105.5 fps|0.001d|0 avs||636|644||0x10de|0x11c8|481.3MB|524.5MB|8136.0MB|1300|nt.2.6.2|3.601,3.601|4,8 cpus|OpenGL
frame rate: 96.2 fps|0.002d|0 avs||936|944||0x10de|0x11c8|481.3MB|524.5MB|8136.0MB|1317|nt.2.6.2|3.601,3.601|4,8 cpus|OpenGL
ignoring InputState-forward
