ToontownStart: Polling for game2 to finish...
ToontownStart: Game2 is finished.
ToontownStart: Starting the game.
ToontownStart: setting default font
TTLocalizer: Running in language: english
from toontown.toonbase.TTLocalizerEnglish import *
OTPLocalizer: Running in language: english
from otp.otpbase.OTPLocalizerEnglish import *
ToontownStart: Loading default gui sounds
ToontownStart: serverVersion:  tti-retro-dev
Preloading avatars...
Done preloading avatars.
{401000001: <toontown.distributed.ToontownDistrict.ToontownDistrict instance at 0x23543EB8>}
entering active SC menu
local
0
Reading DNA file... phase_4/dna/storage.dna
Reading DNA file... phase_3.5/dna/storage_interior.dna
Reading DNA file... phase_4/dna/storage_TT.dna
Reading DNA file... phase_4/dna/storage_TT_sz.dna
Reading DNA file... phase_4/dna/toontown_central_sz.dna
fisherman origin:  render/loader_data/toontownCentral/fishing_pond_1/npc_fisherman_origin_0
Traceback (most recent call last):
  File "D:\Usuario\Downloads\tts\TTISource\Panda3D-1.9.0\direct\showbase\EventManager.py", line 61, in eventLoopTask
    self.doEvents()
  File "D:\Usuario\Downloads\tts\TTISource\Panda3D-1.9.0\direct\showbase\EventManager.py", line 55, in doEvents
    processFunc(self.eventQueue.dequeueEvent())
  File "D:\Usuario\Downloads\tts\TTISource\Panda3D-1.9.0\direct\showbase\EventManager.py", line 122, in processEvent
    messenger.send(eventName, paramList)
  File "D:\Usuario\Downloads\tts\TTISource\Panda3D-1.9.0\direct\showbase\Messenger.py", line 397, in send
    self.__dispatch(acceptorDict, event, sentArgs, foundWatch)
  File "D:\Usuario\Downloads\tts\TTISource\Panda3D-1.9.0\direct\showbase\Messenger.py", line 482, in __dispatch
    method (*(extraArgs + sentArgs))
  File "toontown\toon\LocalToon.py", line 641, in __beginTossPieMouse
    self.__beginTossPie(globalClock.getFrameTime())
  File "toontown\toon\LocalToon.py", line 659, in __beginTossPie
    self.localPresentPie(time)
  File "toontown\toon\LocalToon.py", line 698, in localPresentPie
    ival = self.getPresentPieInterval(pos[0], pos[1], pos[2], hpr[0])
  File "toontown\toon\Toon.py", line 2875, in getPresentPieInterval
    pie = self.getPieModel()
  File "toontown\toon\Toon.py", line 2866, in getPieModel
    pieName = ToontownBattleGlobals.pieNames[self.pieType]
IndexError: list index out of range
Traceback (most recent call last):
  File "otp\otpbase\OTPBase.py", line 239, in run
    taskMgr.run()
  File "D:\Usuario\Downloads\tts\TTISource\Panda3D-1.9.0\direct\task\Task.py", line 502, in run
    self.step()
  File "D:\Usuario\Downloads\tts\TTISource\Panda3D-1.9.0\direct\task\Task.py", line 460, in step
    self.mgr.poll()
  File "D:\Usuario\Downloads\tts\TTISource\Panda3D-1.9.0\direct\showbase\EventManager.py", line 61, in eventLoopTask
    self.doEvents()
  File "D:\Usuario\Downloads\tts\TTISource\Panda3D-1.9.0\direct\showbase\EventManager.py", line 55, in doEvents
    processFunc(self.eventQueue.dequeueEvent())
  File "D:\Usuario\Downloads\tts\TTISource\Panda3D-1.9.0\direct\showbase\EventManager.py", line 122, in processEvent
    messenger.send(eventName, paramList)
  File "D:\Usuario\Downloads\tts\TTISource\Panda3D-1.9.0\direct\showbase\Messenger.py", line 397, in send
    self.__dispatch(acceptorDict, event, sentArgs, foundWatch)
  File "D:\Usuario\Downloads\tts\TTISource\Panda3D-1.9.0\direct\showbase\Messenger.py", line 482, in __dispatch
    method (*(extraArgs + sentArgs))
  File "toontown\toon\LocalToon.py", line 641, in __beginTossPieMouse
    self.__beginTossPie(globalClock.getFrameTime())
  File "toontown\toon\LocalToon.py", line 659, in __beginTossPie
    self.localPresentPie(time)
  File "toontown\toon\LocalToon.py", line 698, in localPresentPie
    ival = self.getPresentPieInterval(pos[0], pos[1], pos[2], hpr[0])
  File "toontown\toon\Toon.py", line 2875, in getPresentPieInterval
    pie = self.getPieModel()
  File "toontown\toon\Toon.py", line 2866, in getPieModel
    pieName = ToontownBattleGlobals.pieNames[self.pieType]
IndexError: list index out of range
