ToontownStart: Polling for game2 to finish...
ToontownStart: Game2 is finished.
ToontownStart: Starting the game.
ToontownStart: setting default font
TTLocalizer: Running in language: english
from toontown.toonbase.TTLocalizerEnglish import *
OTPLocalizer: Running in language: english
from otp.otpbase.OTPLocalizerEnglish import *
ToontownStart: Loading default gui sounds
ToontownStart: serverVersion:  tti-retro-dev
Preloading avatars...
Done preloading avatars.
{414000001: <toontown.distributed.ToontownDistrict.ToontownDistrict instance at 0x246386E8>, 432000001: <toontown.distributed.ToontownDistrict.ToontownDistrict instance at 0x24638EB8>, 489000001: <toontown.distributed.ToontownDistrict.ToontownDistrict instance at 0x24638FA8>, 455000001: <toontown.distributed.ToontownDistrict.ToontownDistrict instance at 0x24638F30>, 411000001: <toontown.distributed.ToontownDistrict.ToontownDistrict instance at 0x24638530>, 404000001: <toontown.distributed.ToontownDistrict.ToontownDistrict instance at 0x24636EB8>, 412000001: <toontown.distributed.ToontownDistrict.ToontownDistrict instance at 0x246388A0>, 405000001: <toontown.distributed.ToontownDistrict.ToontownDistrict instance at 0x24638058>, 434000001: <toontown.distributed.ToontownDistrict.ToontownDistrict instance at 0x24638F08>, 420000001: <toontown.distributed.ToontownDistrict.ToontownDistrict instance at 0x24638E90>, 477000001: <toontown.distributed.ToontownDistrict.ToontownDistrict instance at 0x24638F58>, 407000001: <toontown.distributed.ToontownDistrict.ToontownDistrict instance at 0x24638288>, 471000001: <toontown.distributed.ToontownDistrict.ToontownDistrict instance at 0x24638FD0>, 415000001: <toontown.distributed.ToontownDistrict.ToontownDistrict instance at 0x24638878>, 408000001: <toontown.distributed.ToontownDistrict.ToontownDistrict instance at 0x246383A0>, 401000001: <toontown.distributed.ToontownDistrict.ToontownDistrict instance at 0x2462E030>, 413000001: <toontown.distributed.ToontownDistrict.ToontownDistrict instance at 0x246385F8>, 416000001: <toontown.distributed.ToontownDistrict.ToontownDistrict instance at 0x24638E18>, 409000001: <toontown.distributed.ToontownDistrict.ToontownDistrict instance at 0x24638440>, 402000001: <toontown.distributed.ToontownDistrict.ToontownDistrict instance at 0x24636DA0>, 417000001: <toontown.distributed.ToontownDistrict.ToontownDistrict instance at 0x24638E68>, 410000001: <toontown.distributed.ToontownDistrict.ToontownDistrict instance at 0x24638620>, 403000001: <toontown.distributed.ToontownDistrict.ToontownDistrict instance at 0x24636A80>}
entering active SC menu
local
5
Reading DNA file... phase_4/dna/storage.dna
Reading DNA file... phase_3.5/dna/storage_interior.dna
Reading DNA file... phase_4/dna/storage_TT.dna
Reading DNA file... phase_4/dna/storage_TT_sz.dna
Reading DNA file... phase_4/dna/toontown_central_sz.dna
fisherman origin:  render/loader_data/toontownCentral/fishing_pond_1/npc_fisherman_origin_0
updating achievements page
updating achievements page
updating achievements page
0.0 6.96250009537 -1.20000004768 0.800000011921
LPoint3f(-4.13825, 0.05, -2.9)
updating achievements page
Reading DNA file... phase_5/dna/storage_town.dna
Reading DNA file... phase_5/dna/storage_TT_town.dna
Reading DNA file... phase_5/dna/toontown_central_2300.dna
DNALandmarkBuilding sb32:toon_landmark_hqTT_DNARoot did not find **/*suit_building_origin
updating achievements page
updating achievements page
fisherman origin:  render/town_top_level/toontownCentral/@@2341/fishing_pond_1/npc_fisherman_origin_0
frame rate: 42.9 fps|0.018d|1 avs||323|328||0x1002|0x6739|529.9MB|591.4MB|14307.2MB|1346|nt.2.6.1|3.292,3.292|4,4 cpus|OpenGL
fisherman origin:  render/town_top_level/toontownCentral/@@2341/fishing_pond_1/npc_fisherman_origin_0
updating achievements page
updating achievements page
Battle Event localtoon-battle-event-9
updating achievements page
updating achievements page
Battle Event localtoon-battle-event-15
is uber
fisherman origin:  render/town_top_level/toontownCentral/2341/fishing_pond_1/npc_fisherman_origin_0
ignoring InputState-forward
Traceback (most recent call last):
  File "C:\Panda3D-1.9.0\direct\distributed\ConnectionRepository.py", line 613, in readerPollUntilEmpty
    while self.readerPollOnce():
  File "C:\Panda3D-1.9.0\direct\distributed\ConnectionRepository.py", line 620, in readerPollOnce
    self.handleDatagram(self.private__di)
  File "otp\distributed\OTPClientRepository.py", line 1873, in handleDatagram
    self.handler(msgType, di)
  File "otp\distributed\OTPClientRepository.py", line 1761, in handleMessageType
    self.handleGenerateWithRequired(di)
  File "otp\distributed\OTPClientRepository.py", line 1944, in handleGenerateWithRequired
    distObj = self.generateWithRequiredFields(dclass, doId, di, parentId, zoneId)
  File "C:\Panda3D-1.9.0\direct\distributed\ClientRepositoryBase.py", line 254, in generateWithRequiredFields
    distObj = classDef(self)
  File "toontown\ai\NewsManager.py", line 50, in __init__
    base.localAvatar.inventory.setInvasionCreditMultiplier(1)
AttributeError: ToonBase instance has no attribute 'localAvatar'
Traceback (most recent call last):
  File "C:\Panda3D-1.9.0\direct\showbase\EventManager.py", line 61, in eventLoopTask
    self.doEvents()
  File "C:\Panda3D-1.9.0\direct\showbase\EventManager.py", line 54, in doEvents
    while (not self.eventQueue.isQueueEmpty()):
  File "C:\Panda3D-1.9.0\direct\distributed\ConnectionRepository.py", line 613, in readerPollUntilEmpty
    while self.readerPollOnce():
  File "C:\Panda3D-1.9.0\direct\distributed\ConnectionRepository.py", line 620, in readerPollOnce
    self.handleDatagram(self.private__di)
  File "otp\distributed\OTPClientRepository.py", line 1873, in handleDatagram
    self.handler(msgType, di)
  File "otp\distributed\OTPClientRepository.py", line 1761, in handleMessageType
    self.handleGenerateWithRequired(di)
  File "otp\distributed\OTPClientRepository.py", line 1944, in handleGenerateWithRequired
    distObj = self.generateWithRequiredFields(dclass, doId, di, parentId, zoneId)
  File "C:\Panda3D-1.9.0\direct\distributed\ClientRepositoryBase.py", line 254, in generateWithRequiredFields
    distObj = classDef(self)
  File "toontown\ai\NewsManager.py", line 50, in __init__
    base.localAvatar.inventory.setInvasionCreditMultiplier(1)
AttributeError: ToonBase instance has no attribute 'localAvatar'
Traceback (most recent call last):
  File "otp\otpbase\OTPBase.py", line 238, in run
    taskMgr.run()
  File "C:\Panda3D-1.9.0\direct\task\Task.py", line 502, in run
    self.step()
  File "C:\Panda3D-1.9.0\direct\task\Task.py", line 460, in step
    self.mgr.poll()
  File "C:\Panda3D-1.9.0\direct\showbase\EventManager.py", line 61, in eventLoopTask
    self.doEvents()
  File "C:\Panda3D-1.9.0\direct\showbase\EventManager.py", line 54, in doEvents
    while (not self.eventQueue.isQueueEmpty()):
  File "C:\Panda3D-1.9.0\direct\distributed\ConnectionRepository.py", line 613, in readerPollUntilEmpty
    while self.readerPollOnce():
  File "C:\Panda3D-1.9.0\direct\distributed\ConnectionRepository.py", line 620, in readerPollOnce
    self.handleDatagram(self.private__di)
  File "otp\distributed\OTPClientRepository.py", line 1873, in handleDatagram
    self.handler(msgType, di)
  File "otp\distributed\OTPClientRepository.py", line 1761, in handleMessageType
    self.handleGenerateWithRequired(di)
  File "otp\distributed\OTPClientRepository.py", line 1944, in handleGenerateWithRequired
    distObj = self.generateWithRequiredFields(dclass, doId, di, parentId, zoneId)
  File "C:\Panda3D-1.9.0\direct\distributed\ClientRepositoryBase.py", line 254, in generateWithRequiredFields
    distObj = classDef(self)
  File "toontown\ai\NewsManager.py", line 50, in __init__
    base.localAvatar.inventory.setInvasionCreditMultiplier(1)
AttributeError: ToonBase instance has no attribute 'localAvatar'
