ToontownStart: Polling for game2 to finish...
ToontownStart: Game2 is finished.
ToontownStart: Starting the game.
ToontownStart: setting default font
TTLocalizer: Running in language: english
from toontown.toonbase.TTLocalizerEnglish import *
OTPLocalizer: Running in language: english
from otp.otpbase.OTPLocalizerEnglish import *
ToontownStart: Loading default gui sounds
ToontownStart: serverVersion:  tti-retro-dev
{401000001: <toontown.distributed.ToontownDistrict.ToontownDistrict instance at 0x23DDC760>}
NameShop: Couldn't find von
entering active SC menu
local
0
Reading DNA file... phase_4/dna/storage.dna
Reading DNA file... phase_3.5/dna/storage_interior.dna
Reading DNA file... phase_4/dna/storage_TT.dna
Reading DNA file... phase_4/dna/storage_TT_sz.dna
Reading DNA file... phase_4/dna/toontown_central_sz.dna
fisherman origin:  render/loader_data/toontownCentral/fishing_pond_1/npc_fisherman_origin_0
OnscreenText.configure: mayChange == 0
OnscreenText.configure: mayChange == 0
OnscreenText.configure: mayChange == 0
OnscreenText.configure: mayChange == 0
frame rate: 60.0 fps|0.000d|1 avs||375|379||0x1002|0x6739|764.5MB|776.2MB|14307.2MB|895|nt.2.6.1|3.292,3.292|4,4 cpus|DirectX9
frame rate: 60.0 fps|0.000d|1 avs||675|679||0x1002|0x6739|764.6MB|776.4MB|14307.2MB|895|nt.2.6.1|3.292,3.292|4,4 cpus|DirectX9
frame rate: 60.0 fps|0.000d|1 avs||975|979||0x1002|0x6739|764.6MB|776.4MB|14307.2MB|895|nt.2.6.1|3.292,3.292|4,4 cpus|DirectX9
ignoring InputState-forward
entering active SC menu
local
0
Reading DNA file... phase_4/dna/storage.dna
Reading DNA file... phase_3.5/dna/storage_interior.dna
Reading DNA file... phase_4/dna/storage_TT.dna
Reading DNA file... phase_4/dna/storage_TT_sz.dna
Reading DNA file... phase_4/dna/toontown_central_sz.dna
fisherman origin:  render/loader_data/toontownCentral/fishing_pond_1/npc_fisherman_origin_0
frame rate: 60.0 fps|0.000d|1 avs||1303|1308||0x1002|0x6739|783.3MB|794.5MB|14307.2MB|1340|nt.2.6.1|3.292,3.292|4,4 cpus|DirectX9
ignoring InputState-forward
