ToontownStart: Polling for game2 to finish...
ToontownStart: Game2 is finished.
ToontownStart: Starting the game.
ToontownStart: setting default font
TTLocalizer: Running in language: english
from toontown.toonbase.TTLocalizerEnglish import *
OTPLocalizer: Running in language: english
from otp.otpbase.OTPLocalizerEnglish import *
ToontownStart: Loading default gui sounds
ToontownStart: serverVersion:  tti-retro-dev
Preloading avatars...
Done preloading avatars.
{401000001: <toontown.distributed.ToontownDistrict.ToontownDistrict instance at 0x245EE328>}
entering active SC menu
local
0
Reading DNA file... phase_3.5/dna/storage_tutorial.dna
Reading DNA file... phase_3.5/dna/storage_interior.dna
Reading DNA file... phase_3.5/dna/tutorial_street.dna
Hello there im a distributedTutorialInteriorAI
Setting up Toontorial dna! :D
Reading DNA file... phase_3.5/dna/tutorial_street.dna
Battle Event localtoon-battle-event-3
OnscreenText.configure: mayChange == 0
OnscreenText.configure: mayChange == 0
OnscreenText.configure: mayChange == 0
OnscreenText.configure: mayChange == 0
OnscreenText.configure: mayChange == 0
OnscreenText.configure: mayChange == 0
OnscreenText.configure: mayChange == 0
OnscreenText.configure: mayChange == 0
Reading DNA file... phase_4/dna/storage.dna
Reading DNA file... phase_3.5/dna/storage_interior.dna
Reading DNA file... phase_4/dna/storage_TT.dna
Reading DNA file... phase_4/dna/storage_TT_sz.dna
Reading DNA file... phase_4/dna/toontown_central_sz.dna
fisherman origin:  render/loader_data/toontownCentral/fishing_pond_1/npc_fisherman_origin_0
updating achievements page
frame rate: 53.1 fps|0.002d|2 avs||348|353||0x1002|0x6739|492.3MB|503.4MB|14307.2MB|978|nt.2.6.1|3.292,3.292|4,4 cpus|OpenGL
updating achievements page
updating achievements page
updating achievements page
0.0 5.31250047684 -0.20000000298 0.800000011921
LPoint3f(-3.18125, 0.05, -2.4)
receiveWhisperTalk 100000013 Chan 0 None nigger
0.0 6.67500019073 -2.20000004768 0.800000011921
LPoint3f(-3.9715, 0.05, -3.4)
receiveWhisperTalk 100000013 Chan 0 None dfgmdfsgm,.dfgm,.
0.0 5.2999997139 -0.20000000298 0.800000011921
LPoint3f(-3.174, 0.05, -2.4)
entering active SC menu
updating achievements page
updating achievements page
updating achievements page
updating achievements page
updating achievements page
updating achievements page
frame rate: 41.9 fps|0.017d|6 avs||648|653||0x1002|0x6739|513.0MB|524.4MB|14307.2MB|984|nt.2.6.1|3.292,3.292|4,4 cpus|OpenGL
updating achievements page
handleButton
0.0 6.1500005722 -1.20000004768 0.800000011921
LPoint3f(-3.667, 0.05, -2.9)
updating achievements page
updating achievements page
updating achievements page
handleButton
0.0 6.4375 -1.20000004768 0.800000011921
LPoint3f(-3.83375, 0.05, -2.9)
updating achievements page
updating achievements page
updating achievements page
updating achievements page
updating achievements page
updating achievements page
frame rate: 43.7 fps|0.001d|6 avs||948|953||0x1002|0x6739|520.3MB|557.8MB|14307.2MB|1253|nt.2.6.1|3.292,3.292|4,4 cpus|OpenGL
updating achievements page
updating achievements page
updating achievements page
0.0 7.17500019073 -1.20000004768 0.800000011921
LPoint3f(-4.2615, 0.05, -2.9)
frame rate: 50.5 fps|0.001d|5 avs||1248|1253||0x1002|0x6739|521.6MB|559.3MB|14307.2MB|1254|nt.2.6.1|3.292,3.292|4,4 cpus|OpenGL
updating achievements page
frame rate: 51.4 fps|0.001d|5 avs||1548|1553||0x1002|0x6739|522.0MB|559.6MB|14307.2MB|1254|nt.2.6.1|3.292,3.292|4,4 cpus|OpenGL
ignoring InputState-forward
entering active SC menu
local
2
Reading DNA file... phase_4/dna/storage.dna
Reading DNA file... phase_3.5/dna/storage_interior.dna
Reading DNA file... phase_4/dna/storage_TT.dna
Reading DNA file... phase_4/dna/storage_TT_sz.dna
Reading DNA file... phase_4/dna/toontown_central_sz.dna
fisherman origin:  render/loader_data/toontownCentral/fishing_pond_1/npc_fisherman_origin_0
updating achievements page
updating achievements page
updating achievements page
updating achievements page
updating achievements page
updating achievements page
updating achievements page
updating achievements page
0.0 6.1500005722 -1.20000004768 0.800000011921
LPoint3f(-3.667, 0.05, -2.9)
updating achievements page
frame rate: 44.1 fps|0.012d|5 avs||2979|2985||0x1002|0x6739|542.1MB|606.0MB|14307.2MB|3123|nt.2.6.1|3.292,3.292|4,4 cpus|OpenGL
updating achievements page
updating achievements page
0.0 6.1500005722 -1.20000004768 0.800000011921
LPoint3f(-3.667, 0.05, -2.9)
updating achievements page
updating achievements page
updating achievements page
updating achievements page
updating achievements page
updating achievements page
updating achievements page
updating achievements page
frame rate: 33.5 fps|0.002d|9 avs||3279|3285||0x1002|0x6739|555.7MB|619.3MB|14307.2MB|3126|nt.2.6.1|3.292,3.292|4,4 cpus|OpenGL
updating achievements page
ToonAvatarDetailPanel None
ToonAvatarDetailPanel None
updating achievements page
ToonAvatarDetailPanel None
updating achievements page
updating achievements page
handleButton
0.0 6.96250009537 -1.20000004768 0.800000011921
LPoint3f(-4.13825, 0.05, -2.9)
updating achievements page
frame rate: 30.9 fps|0.014d|10 avs||3579|3585||0x1002|0x6739|559.7MB|623.2MB|14307.2MB|3127|nt.2.6.1|3.292,3.292|4,4 cpus|OpenGL
updating achievements page
updating achievements page
updating achievements page
updating achievements page
updating achievements page
updating achievements page
updating achievements page
0.0 6.96250009537 -1.20000004768 0.800000011921
LPoint3f(-4.13825, 0.05, -2.9)
updating achievements page
updating achievements page
updating achievements page
frame rate: 34.9 fps|0.022d|10 avs||3879|3885||0x1002|0x6739|565.0MB|628.5MB|14307.2MB|3129|nt.2.6.1|3.292,3.292|4,4 cpus|OpenGL
updating achievements page
ToonAvatarDetailPanel None
updating achievements page
updating achievements page
updating achievements page
updating achievements page
updating achievements page
0.0 6.66250038147 -1.20000004768 0.800000011921
LPoint3f(-3.96425, 0.05, -2.9)
updating achievements page
updating achievements page
updating achievements page
updating achievements page
updating achievements page
updating achievements page
frame rate: 33.0 fps|0.013d|8 avs||4179|4185||0x1002|0x6739|574.8MB|638.4MB|14307.2MB|6094|nt.2.6.1|3.292,3.292|4,4 cpus|OpenGL
0.0 6.66250038147 -1.20000004768 0.800000011921
LPoint3f(-3.96425, 0.05, -2.9)
updating achievements page
updating achievements page
0.0 5.5125002861 -0.20000000298 0.800000011921
LPoint3f(-3.29725, 0.05, -2.4)
0.0 5.62500047684 -1.20000004768 0.800000011921
LPoint3f(-3.3625, 0.05, -2.9)
updating achievements page
updating achievements page
updating achievements page
updating achievements page
updating achievements page
updating achievements page
updating achievements page
ToonAvatarDetailPanel None
ToonAvatarDetailPanel None
updating achievements page
updating achievements page
frame rate: 35.8 fps|0.013d|10 avs||4479|4485||0x1002|0x6739|587.8MB|651.1MB|14307.2MB|9294|nt.2.6.1|3.292,3.292|4,4 cpus|OpenGL
ToonAvatarDetailPanel None
ToonAvatarDetailPanel None
updating achievements page
ToonAvatarDetailPanel None
ToonAvatarDetailPanel None
updating achievements page
updating achievements page
updating achievements page
updating achievements page
updating achievements page
updating achievements page
frame rate: 30.7 fps|0.002d|10 avs||4779|4785||0x1002|0x6739|591.3MB|654.6MB|14307.2MB|12460|nt.2.6.1|3.292,3.292|4,4 cpus|OpenGL
0.0 6.66250038147 -1.20000004768 0.800000011921
LPoint3f(-3.96425, 0.05, -2.9)
0.0 5.73750066757 -1.20000004768 0.800000011921
LPoint3f(-3.42775, 0.05, -2.9)
Reading DNA file... phase_4/dna/storage_TT_sz.dna
Reading DNA file... phase_4/dna/toontown_central_sz.dna
fisherman origin:  render/loader_data/toontownCentral/fishing_pond_1/npc_fisherman_origin_0
updating achievements page
0.0 6.1500005722 -1.20000004768 0.800000011921
LPoint3f(-3.667, 0.05, -2.9)
updating achievements page
ignoring InputState-forward
