ToontownStart: Polling for game2 to finish...
ToontownStart: Game2 is finished.
ToontownStart: Starting the game.
ToontownStart: setting default font
TTLocalizer: Running in language: english
from toontown.toonbase.TTLocalizerEnglish import *
OTPLocalizer: Running in language: english
from otp.otpbase.OTPLocalizerEnglish import *
ToontownStart: Loading default gui sounds
ToontownStart: serverVersion:  tti-retro-dev
Preloading avatars...
Done preloading avatars.
{414000001: <toontown.distributed.ToontownDistrict.ToontownDistrict instance at 0x23E7C440>, 432000001: <toontown.distributed.ToontownDistrict.ToontownDistrict instance at 0x23E7CC10>, 489000001: <toontown.distributed.ToontownDistrict.ToontownDistrict instance at 0x23E7CD00>, 455000001: <toontown.distributed.ToontownDistrict.ToontownDistrict instance at 0x23E7CC88>, 411000001: <toontown.distributed.ToontownDistrict.ToontownDistrict instance at 0x23E7C288>, 404000001: <toontown.distributed.ToontownDistrict.ToontownDistrict instance at 0x23E79B20>, 412000001: <toontown.distributed.ToontownDistrict.ToontownDistrict instance at 0x23E7C5F8>, 405000001: <toontown.distributed.ToontownDistrict.ToontownDistrict instance at 0x23E79D78>, 434000001: <toontown.distributed.ToontownDistrict.ToontownDistrict instance at 0x23E7CC60>, 420000001: <toontown.distributed.ToontownDistrict.ToontownDistrict instance at 0x23E7CBE8>, 477000001: <toontown.distributed.ToontownDistrict.ToontownDistrict instance at 0x23E7CCB0>, 407000001: <toontown.distributed.ToontownDistrict.ToontownDistrict instance at 0x23E79FA8>, 471000001: <toontown.distributed.ToontownDistrict.ToontownDistrict instance at 0x23E7CD28>, 415000001: <toontown.distributed.ToontownDistrict.ToontownDistrict instance at 0x23E7C5D0>, 408000001: <toontown.distributed.ToontownDistrict.ToontownDistrict instance at 0x23E7C0F8>, 401000001: <toontown.distributed.ToontownDistrict.ToontownDistrict instance at 0x23E65D50>, 413000001: <toontown.distributed.ToontownDistrict.ToontownDistrict instance at 0x23E7C350>, 416000001: <toontown.distributed.ToontownDistrict.ToontownDistrict instance at 0x23E7CB70>, 409000001: <toontown.distributed.ToontownDistrict.ToontownDistrict instance at 0x23E7C198>, 402000001: <toontown.distributed.ToontownDistrict.ToontownDistrict instance at 0x23E79AF8>, 417000001: <toontown.distributed.ToontownDistrict.ToontownDistrict instance at 0x23E7CBC0>, 410000001: <toontown.distributed.ToontownDistrict.ToontownDistrict instance at 0x23E7C378>, 403000001: <toontown.distributed.ToontownDistrict.ToontownDistrict instance at 0x23E797D8>}
entering active SC menu
local
5
Reading DNA file... phase_4/dna/storage.dna
Reading DNA file... phase_3.5/dna/storage_interior.dna
Reading DNA file... phase_4/dna/storage_TT.dna
Reading DNA file... phase_4/dna/storage_TT_sz.dna
Reading DNA file... phase_4/dna/toontown_central_sz.dna
fisherman origin:  render/loader_data/toontownCentral/fishing_pond_1/npc_fisherman_origin_0
updating achievements page
updating achievements page
OnscreenText.configure: mayChange == 0
OnscreenText.configure: mayChange == 0
OnscreenText.configure: mayChange == 0
OnscreenText.configure: mayChange == 0
entering active SC menu
0.0 6.96250009537 -1.20000004768 0.800000011921
LPoint3f(-4.13825, 0.05, -2.9)
updating achievements page
Reading DNA file... phase_4/dna/storage.dna
Reading DNA file... phase_3.5/dna/storage_interior.dna
Reading DNA file... phase_4/dna/storage_TT.dna
Reading DNA file... phase_4/dna/storage_TT_sz.dna
Reading DNA file... phase_4/dna/toontown_central_sz.dna
fisherman origin:  render/loader_data/toontownCentral/fishing_pond_1/npc_fisherman_origin_0
fisherman origin:  hidden/loader_data/toontownCentral/fishing_pond_1/npc_fisherman_origin_0
0.0 6.96250009537 -1.20000004768 0.800000011921
LPoint3f(-4.13825, 0.05, -2.9)
updating achievements page
Reading DNA file... phase_5/dna/storage_town.dna
Reading DNA file... phase_5/dna/storage_TT_town.dna
Reading DNA file... phase_5/dna/toontown_central_2200.dna
DNALandmarkBuilding sb42:toon_landmark_hqTT_DNARoot did not find **/*suit_building_origin
updating achievements page
fisherman origin:  render/town_top_level/toontownCentral/2236/fishing_pond_1/npc_fisherman_origin_0
fisherman origin:  render/town_top_level/toontownCentral/2236/fishing_pond_1/npc_fisherman_origin_0
fisherman origin:  render/town_top_level/toontownCentral/2236/fishing_pond_1/npc_fisherman_origin_0
fisherman origin:  render/town_top_level/toontownCentral/2236/fishing_pond_1/npc_fisherman_origin_0
ignoring InputState-forward
Traceback (most recent call last):
  File "C:\Panda3D-1.9.0\direct\distributed\ConnectionRepository.py", line 613, in readerPollUntilEmpty
    while self.readerPollOnce():
  File "C:\Panda3D-1.9.0\direct\distributed\ConnectionRepository.py", line 620, in readerPollOnce
    self.handleDatagram(self.private__di)
  File "otp\distributed\OTPClientRepository.py", line 1873, in handleDatagram
    self.handler(msgType, di)
  File "otp\distributed\OTPClientRepository.py", line 1761, in handleMessageType
    self.handleGenerateWithRequired(di)
  File "otp\distributed\OTPClientRepository.py", line 1944, in handleGenerateWithRequired
    distObj = self.generateWithRequiredFields(dclass, doId, di, parentId, zoneId)
  File "C:\Panda3D-1.9.0\direct\distributed\ClientRepositoryBase.py", line 254, in generateWithRequiredFields
    distObj = classDef(self)
  File "toontown\ai\NewsManager.py", line 50, in __init__
    base.localAvatar.inventory.setInvasionCreditMultiplier(1)
AttributeError: ToonBase instance has no attribute 'localAvatar'
Traceback (most recent call last):
  File "C:\Panda3D-1.9.0\direct\showbase\ShowBase.py", line 1654, in updateManagers
    dt = globalClock.getDt()
  File "C:\Panda3D-1.9.0\direct\distributed\ConnectionRepository.py", line 613, in readerPollUntilEmpty
    while self.readerPollOnce():
  File "C:\Panda3D-1.9.0\direct\distributed\ConnectionRepository.py", line 620, in readerPollOnce
    self.handleDatagram(self.private__di)
  File "otp\distributed\OTPClientRepository.py", line 1873, in handleDatagram
    self.handler(msgType, di)
  File "otp\distributed\OTPClientRepository.py", line 1761, in handleMessageType
    self.handleGenerateWithRequired(di)
  File "otp\distributed\OTPClientRepository.py", line 1944, in handleGenerateWithRequired
    distObj = self.generateWithRequiredFields(dclass, doId, di, parentId, zoneId)
  File "C:\Panda3D-1.9.0\direct\distributed\ClientRepositoryBase.py", line 254, in generateWithRequiredFields
    distObj = classDef(self)
  File "toontown\ai\NewsManager.py", line 50, in __init__
    base.localAvatar.inventory.setInvasionCreditMultiplier(1)
AttributeError: ToonBase instance has no attribute 'localAvatar'
Traceback (most recent call last):
  File "otp\otpbase\OTPBase.py", line 238, in run
    taskMgr.run()
  File "C:\Panda3D-1.9.0\direct\task\Task.py", line 502, in run
    self.step()
  File "C:\Panda3D-1.9.0\direct\task\Task.py", line 460, in step
    self.mgr.poll()
  File "C:\Panda3D-1.9.0\direct\showbase\ShowBase.py", line 1654, in updateManagers
    dt = globalClock.getDt()
  File "C:\Panda3D-1.9.0\direct\distributed\ConnectionRepository.py", line 613, in readerPollUntilEmpty
    while self.readerPollOnce():
  File "C:\Panda3D-1.9.0\direct\distributed\ConnectionRepository.py", line 620, in readerPollOnce
    self.handleDatagram(self.private__di)
  File "otp\distributed\OTPClientRepository.py", line 1873, in handleDatagram
    self.handler(msgType, di)
  File "otp\distributed\OTPClientRepository.py", line 1761, in handleMessageType
    self.handleGenerateWithRequired(di)
  File "otp\distributed\OTPClientRepository.py", line 1944, in handleGenerateWithRequired
    distObj = self.generateWithRequiredFields(dclass, doId, di, parentId, zoneId)
  File "C:\Panda3D-1.9.0\direct\distributed\ClientRepositoryBase.py", line 254, in generateWithRequiredFields
    distObj = classDef(self)
  File "toontown\ai\NewsManager.py", line 50, in __init__
    base.localAvatar.inventory.setInvasionCreditMultiplier(1)
AttributeError: ToonBase instance has no attribute 'localAvatar'
