ToontownStart: Polling for game2 to finish...
ToontownStart: Game2 is finished.
ToontownStart: Starting the game.
ToontownStart: setting default font
TTLocalizer: Running in language: english
from toontown.toonbase.TTLocalizerEnglish import *
OTPLocalizer: Running in language: english
from otp.otpbase.OTPLocalizerEnglish import *
ToontownStart: Loading default gui sounds
ToontownStart: serverVersion:  tti-retro-dev
Preloading avatars...
Done preloading avatars.
{401000001: <toontown.distributed.ToontownDistrict.ToontownDistrict instance at 0x215FAF08>}
entering active SC menu
local
1
Reading DNA file... phase_4/dna/storage.dna
Reading DNA file... phase_3.5/dna/storage_interior.dna
Reading DNA file... phase_6/dna/storage_OZ.dna
Reading DNA file... phase_6/dna/storage_OZ_sz.dna
Reading DNA file... phase_6/dna/outdoor_zone_sz.dna
TIMER startTime 1885
['spawnModel', 'phase_5.5/models/estate/houseB.bam', '-21', '-65', '0']
phase_5.5/models/estate/houseB.bam
-21
-65
0
['spawnModel', 'phase_5.5/models/estate/tt_m_ara_est_house_tiki.bam', '6', '-30', '0']
phase_5.5/models/estate/tt_m_ara_est_house_tiki.bam
6
-30
0
['spawnModel', 'phase_5.5/models/estate/tt_m_ara_est_house_tepee.bam', '5', '0', '2']
phase_5.5/models/estate/tt_m_ara_est_house_tepee.bam
5
0
2
['spawnModel', 'phase_5.5/models/estate/tt_m_ara_est_house_castle.bam', '48', '8', '2']
phase_5.5/models/estate/tt_m_ara_est_house_castle.bam
48
8
2
['spawnModel', 'phase_5.5/models/estate/tt_m_ara_est_house_cupcake.ba', '-34', '23', '2']
Traceback (most recent call last):
  File "D:\Usuario\Downloads\tts\TTISource\Panda3D-1.9.0\direct\distributed\ConnectionRepository.py", line 613, in readerPollUntilEmpty
    while self.readerPollOnce():
  File "D:\Usuario\Downloads\tts\TTISource\Panda3D-1.9.0\direct\distributed\ConnectionRepository.py", line 620, in readerPollOnce
    self.handleDatagram(self.private__di)
  File "otp\distributed\OTPClientRepository.py", line 1873, in handleDatagram
    self.handler(msgType, di)
  File "otp\distributed\OTPClientRepository.py", line 1484, in handlePlayGame
    self.handleUpdateField(di)
  File "otp\distributed\OTPClientRepository.py", line 2191, in handleUpdateField
    self.__doUpdate(doId, di, ovUpdated)
  File "otp\distributed\OTPClientRepository.py", line 2199, in __doUpdate
    do.dclass.receiveUpdate(do, di)
  File "otp\ai\MagicWordManager.py", line 49, in sendMagicWordResponse
    model = loader.loadModel(args[1])
  File "toontown\toonbase\ToontownLoader.py", line 72, in loadModel
    ret = Loader.Loader.loadModel(self, *args, **kw)
  File "D:\Usuario\Downloads\tts\TTISource\Panda3D-1.9.0\direct\showbase\Loader.py", line 170, in loadModel
    raise IOError, message
IOError: Could not load model file(s): ['phase_5.5/models/estate/tt_m_ara_est_house_cupcake.ba']
Traceback (most recent call last):
  File "otp\otpbase\OTPBase.py", line 239, in run
    taskMgr.run()
  File "D:\Usuario\Downloads\tts\TTISource\Panda3D-1.9.0\direct\task\Task.py", line 502, in run
    self.step()
  File "D:\Usuario\Downloads\tts\TTISource\Panda3D-1.9.0\direct\task\Task.py", line 460, in step
    self.mgr.poll()
  File "D:\Usuario\Downloads\tts\TTISource\Panda3D-1.9.0\direct\distributed\ConnectionRepository.py", line 613, in readerPollUntilEmpty
    while self.readerPollOnce():
  File "D:\Usuario\Downloads\tts\TTISource\Panda3D-1.9.0\direct\distributed\ConnectionRepository.py", line 620, in readerPollOnce
    self.handleDatagram(self.private__di)
  File "otp\distributed\OTPClientRepository.py", line 1873, in handleDatagram
    self.handler(msgType, di)
  File "otp\distributed\OTPClientRepository.py", line 1484, in handlePlayGame
    self.handleUpdateField(di)
  File "otp\distributed\OTPClientRepository.py", line 2191, in handleUpdateField
    self.__doUpdate(doId, di, ovUpdated)
  File "otp\distributed\OTPClientRepository.py", line 2199, in __doUpdate
    do.dclass.receiveUpdate(do, di)
  File "otp\ai\MagicWordManager.py", line 49, in sendMagicWordResponse
    model = loader.loadModel(args[1])
  File "toontown\toonbase\ToontownLoader.py", line 72, in loadModel
    ret = Loader.Loader.loadModel(self, *args, **kw)
  File "D:\Usuario\Downloads\tts\TTISource\Panda3D-1.9.0\direct\showbase\Loader.py", line 170, in loadModel
    raise IOError, message
IOError: Could not load model file(s): ['phase_5.5/models/estate/tt_m_ara_est_house_cupcake.ba']
