ToontownStart: Polling for game2 to finish...
ToontownStart: Game2 is finished.
ToontownStart: Starting the game.
ToontownStart: setting default font
TTLocalizer: Running in language: english
from toontown.toonbase.TTLocalizerEnglish import *
OTPLocalizer: Running in language: english
from otp.otpbase.OTPLocalizerEnglish import *
Traceback (most recent call last):
  File "C:\Panda3D-1.9.0\python\lib\runpy.py", line 162, in _run_module_as_main
    "__main__", fname, loader, pkg_name)
  File "C:\Panda3D-1.9.0\python\lib\runpy.py", line 72, in _run_code
    exec code in run_globals
  File "C:\Users\Owner\Desktop\TTI\ToontownInfiniteRetro\toontown\toonbase\ToontownStartRemote.py", line 45, in <module>
    import toontown.toonbase.ToontownStart
  File "toontown\toonbase\ToontownStart.py", line 80, in <module>
    ToonBase.ToonBase()
  File "toontown\toonbase\ToonBase.py", line 169, in __init__
    self.loader = ToontownLoader.ToontownLoader(self)
  File "toontown\toonbase\ToontownLoader.py", line 14, in __init__
    self.loadingScreen = ToontownLoadingScreen.ToontownLoadingScreen()
  File "toontown\toontowngui\ToontownLoadingScreen.py", line 31, in __init__
    scale=(((16.0 / 9.0)*logoScale) / (4.0/3.0), 1, logoScale / (4.0/3.0)))
  File "C:\Panda3D-1.9.0\direct\gui\OnscreenImage.py", line 49, in __init__
    self.setImage(image, parent = parent, sort = sort)
  File "C:\Panda3D-1.9.0\direct\gui\OnscreenImage.py", line 106, in setImage
    tex = loader.loadTexture(image)
  File "C:\Panda3D-1.9.0\direct\showbase\Loader.py", line 623, in loadTexture
    raise IOError, message
IOError: Could not load texture: phase_3/maps/toontown-logo.png
