ToontownStart: Polling for game2 to finish...
ToontownStart: Game2 is finished.
ToontownStart: Starting the game.
ToontownStart: setting default font
TTLocalizer: Running in language: english
from toontown.toonbase.TTLocalizerEnglish import *
OTPLocalizer: Running in language: english
from otp.otpbase.OTPLocalizerEnglish import *
ToontownStart: Loading default gui sounds
ToontownStart: serverVersion:  tti-retro-dev
Preloading avatars...
Done preloading avatars.
{401000001: <toontown.distributed.ToontownDistrict.ToontownDistrict instance at 0x285FFD50>}
entering active SC menu
local
5
Reading DNA file... phase_4/dna/storage.dna
Reading DNA file... phase_3.5/dna/storage_interior.dna
Reading DNA file... phase_4/dna/storage_TT.dna
Reading DNA file... phase_4/dna/storage_TT_sz.dna
Reading DNA file... phase_4/dna/toontown_central_sz.dna
fisherman origin:  render/loader_data/toontownCentral/fishing_pond_1/npc_fisherman_origin_0
OnscreenText.configure: mayChange == 0
OnscreenText.configure: mayChange == 0
OnscreenText.configure: mayChange == 0
OnscreenText.configure: mayChange == 0
fisherman origin:  hidden/loader_data/toontownCentral/fishing_pond_1/npc_fisherman_origin_0
frame rate: 83.6 fps|0.003d|1 avs||328|334||0x1002|0x6739|458.7MB|512.9MB|14307.2MB|1087|nt.2.6.1|3.292,3.292|4,4 cpus|OpenGL
frame rate: 65.2 fps|0.001d|1 avs||628|634||0x1002|0x6739|458.9MB|513.1MB|14307.2MB|1087|nt.2.6.1|3.292,3.292|4,4 cpus|OpenGL
updating achievements page
frame rate: 62.1 fps|0.002d|2 avs||928|934||0x1002|0x6739|462.4MB|516.4MB|14307.2MB|1088|nt.2.6.1|3.292,3.292|4,4 cpus|OpenGL
ToonAvatarDetailPanel None
entering active SC menu
updating achievements page
frame rate: 74.4 fps|0.002d|1 avs||1228|1234||0x1002|0x6739|469.8MB|523.8MB|14307.2MB|1090|nt.2.6.1|3.292,3.292|4,4 cpus|OpenGL
updating achievements page
frame rate: 108.2 fps|0.001d|1 avs||1528|1534||0x1002|0x6739|469.9MB|523.9MB|14307.2MB|1090|nt.2.6.1|3.292,3.292|4,4 cpus|OpenGL
updating achievements page
entering active SC menu
ignoring InputState-forward
