ToontownStart: Polling for game2 to finish...
ToontownStart: Game2 is finished.
ToontownStart: Starting the game.
ToontownStart: setting default font
TTLocalizer: Running in language: english
from toontown.toonbase.TTLocalizerEnglish import *
OTPLocalizer: Running in language: english
from otp.otpbase.OTPLocalizerEnglish import *
ToontownStart: Loading default gui sounds
ToontownStart: serverVersion:  tti-retro-dev
Preloading avatars...
Done preloading avatars.
{401000001: <toontown.distributed.ToontownDistrict.ToontownDistrict instance at 0x29698FD0>}
entering active SC menu
local
0
Reading DNA file... phase_4/dna/storage.dna
Reading DNA file... phase_3.5/dna/storage_interior.dna
Reading DNA file... phase_4/dna/storage_TT.dna
Reading DNA file... phase_4/dna/storage_TT_sz.dna
Reading DNA file... phase_4/dna/toontown_central_sz.dna
fisherman origin:  render/loader_data/toontownCentral/fishing_pond_1/npc_fisherman_origin_0
updating achievements page
frame rate: 70.3 fps|0.016d|2 avs||355|362||0x10de|0x11c8|353.1MB|450.7MB|8136.0MB|1083|nt.2.6.2|3.601,3.601|4,8 cpus|OpenGL
updating achievements page
ToonAvatarDetailPanel None
updating achievements page
updating achievements page
updating achievements page
updating achievements page
updating achievements page
Reading DNA file... phase_4/dna/storage_TT_sz.dna
Reading DNA file... phase_4/dna/toontown_central_sz.dna
fisherman origin:  render/loader_data/toontownCentral/fishing_pond_1/npc_fisherman_origin_0
updating achievements page
updating achievements page
updating achievements page
frame rate: 50.5 fps|0.016d|3 avs||655|662||0x10de|0x11c8|395.1MB|490.6MB|8136.0MB|1177|nt.2.6.2|3.601,3.601|4,8 cpus|OpenGL
OnscreenText.configure: mayChange == 0
OnscreenText.configure: mayChange == 0
OnscreenText.configure: mayChange == 0
OnscreenText.configure: mayChange == 0
updating achievements page
updating achievements page
updating achievements page
updating achievements page
updating achievements page
updating achievements page
updating achievements page
updating achievements page
frame rate: 34.0 fps|0.006d|14 avs||955|962||0x10de|0x11c8|493.9MB|590.2MB|8136.0MB|1296|nt.2.6.2|3.601,3.601|4,8 cpus|OpenGL
Reading DNA file... phase_8/dna/storage_BR.dna
Reading DNA file... phase_8/dna/storage_BR_sz.dna
Reading DNA file... phase_8/dna/the_burrrgh_sz.dna
empty flat building with no walls
DNALandmarkBuilding sb11:toon_landmark_BR_pet_shop_DNARoot did not find **/*suit_building_origin
updating achievements page
fisherman origin:  render/loader_data/theBurrrgh/fishing_pond_1/npc_fisherman_origin_0
updating achievements page
updating achievements page
OnscreenText.configure: mayChange == 0
OnscreenText.configure: mayChange == 0
OnscreenText.configure: mayChange == 0
OnscreenText.configure: mayChange == 0
frame rate: 44.6 fps|0.040d|3 avs||1255|1262||0x10de|0x11c8|543.3MB|639.6MB|8136.0MB|1335|nt.2.6.2|3.601,3.601|4,8 cpus|OpenGL
OnscreenText.configure: mayChange == 0
OnscreenText.configure: mayChange == 0
OnscreenText.configure: mayChange == 0
OnscreenText.configure: mayChange == 0
Reading DNA file... phase_8/dna/storage_BR.dna
Reading DNA file... phase_8/dna/storage_BR_sz.dna
Reading DNA file... phase_8/dna/the_burrrgh_sz.dna
empty flat building with no walls
DNALandmarkBuilding sb11:toon_landmark_BR_pet_shop_DNARoot did not find **/*suit_building_origin
fisherman origin:  render/loader_data/theBurrrgh/fishing_pond_1/npc_fisherman_origin_0
updating achievements page
updating achievements page
entering active SC menu
entering active SC menu
frame rate: 57.9 fps|0.005d|3 avs||1555|1562||0x10de|0x11c8|560.1MB|656.9MB|8136.0MB|1381|nt.2.6.2|3.601,3.601|4,8 cpus|OpenGL
frame rate: 56.2 fps|0.004d|3 avs||1855|1862||0x10de|0x11c8|562.5MB|659.2MB|8136.0MB|1382|nt.2.6.2|3.601,3.601|4,8 cpus|OpenGL
OnscreenText.configure: mayChange == 0
OnscreenText.configure: mayChange == 0
OnscreenText.configure: mayChange == 0
OnscreenText.configure: mayChange == 0
frame rate: 88.5 fps|0.004d|0 avs||2155|2162||0x10de|0x11c8|506.5MB|660.9MB|8136.0MB|1451|nt.2.6.2|3.601,3.601|4,8 cpus|OpenGL
OnscreenText.configure: mayChange == 0
OnscreenText.configure: mayChange == 0
OnscreenText.configure: mayChange == 0
OnscreenText.configure: mayChange == 0
Reading DNA file... phase_6/dna/storage_MM.dna
loading MM safezone
Reading DNA file... phase_6/dna/storage_MM_sz.dna
Reading DNA file... phase_6/dna/minnies_melody_land_sz.dna
fisherman origin:  render/loader_data/minniesMelodyLand/fishing_pond_1/npc_fisherman_origin_0
OnscreenText.configure: mayChange == 0
OnscreenText.configure: mayChange == 0
OnscreenText.configure: mayChange == 0
OnscreenText.configure: mayChange == 0
Reading DNA file... phase_8/dna/storage_BR.dna
Reading DNA file... phase_8/dna/storage_BR_sz.dna
Reading DNA file... phase_8/dna/the_burrrgh_sz.dna
empty flat building with no walls
DNALandmarkBuilding sb11:toon_landmark_BR_pet_shop_DNARoot did not find **/*suit_building_origin
fisherman origin:  render/loader_data/theBurrrgh/fishing_pond_1/npc_fisherman_origin_0
updating achievements page
updating achievements page
ToonAvatarDetailPanel None
Reading DNA file... phase_5/dna/storage_town.dna
Reading DNA file... phase_8/dna/storage_BR_town.dna
Reading DNA file... phase_8/dna/the_burrrgh_3100.dna
empty flat building with no walls
DNALandmarkBuilding sb54:toon_landmark_hqBR_DNARoot did not find **/*suit_building_origin
updating achievements page
updating achievements page
updating achievements page
updating achievements page
Traceback (most recent call last):
  File "D:\Usuario\Downloads\tts\TTISource\Panda3D-1.9.0\direct\distributed\ConnectionRepository.py", line 613, in readerPollUntilEmpty
    while self.readerPollOnce():
  File "D:\Usuario\Downloads\tts\TTISource\Panda3D-1.9.0\direct\distributed\ConnectionRepository.py", line 620, in readerPollOnce
    self.handleDatagram(self.private__di)
  File "otp\distributed\OTPClientRepository.py", line 1873, in handleDatagram
    self.handler(msgType, di)
  File "otp\distributed\OTPClientRepository.py", line 1484, in handlePlayGame
    self.handleUpdateField(di)
  File "otp\distributed\OTPClientRepository.py", line 2191, in handleUpdateField
    self.__doUpdate(doId, di, ovUpdated)
  File "otp\distributed\OTPClientRepository.py", line 2199, in __doUpdate
    do.dclass.receiveUpdate(do, di)
  File "toontown\battle\DistributedBattleBase.py", line 343, in setState
    self.fsm.request(state, [globalClockDelta.localElapsedTime(timestamp)])
  File "D:\Usuario\Downloads\tts\TTISource\Panda3D-1.9.0\direct\fsm\ClassicFSM.py", line 284, in request
    exitArgList)
  File "D:\Usuario\Downloads\tts\TTISource\Panda3D-1.9.0\direct\fsm\ClassicFSM.py", line 231, in __transition
    self.__enter(aState, enterArgList)
  File "D:\Usuario\Downloads\tts\TTISource\Panda3D-1.9.0\direct\fsm\ClassicFSM.py", line 217, in __enter
    aState.enter(argList)
  File "D:\Usuario\Downloads\tts\TTISource\Panda3D-1.9.0\direct\fsm\State.py", line 203, in enter
    apply(self.__enterFunc, argList)
  File "toontown\battle\DistributedBattleBase.py", line 1054, in enterWaitForInput
    self.__adjustTownBattle()
  File "toontown\battle\DistributedBattleBase.py", line 1387, in __adjustTownBattle
    self.townBattle.adjustCogsAndToons(self.activeSuits, luredSuits, trappedSuits, self.activeToons)
  File "toontown\town\TownBattle.py", line 468, in adjustCogsAndToons
    base.localAvatar.inventory.setBattleCreditMultiplier(self.creditMultiplier)
AttributeError: TownBattle instance has no attribute 'creditMultiplier'
Traceback (most recent call last):
  File "otp\otpbase\OTPBase.py", line 239, in run
    taskMgr.run()
  File "D:\Usuario\Downloads\tts\TTISource\Panda3D-1.9.0\direct\task\Task.py", line 502, in run
    self.step()
  File "D:\Usuario\Downloads\tts\TTISource\Panda3D-1.9.0\direct\task\Task.py", line 460, in step
    self.mgr.poll()
  File "D:\Usuario\Downloads\tts\TTISource\Panda3D-1.9.0\direct\distributed\ConnectionRepository.py", line 613, in readerPollUntilEmpty
    while self.readerPollOnce():
  File "D:\Usuario\Downloads\tts\TTISource\Panda3D-1.9.0\direct\distributed\ConnectionRepository.py", line 620, in readerPollOnce
    self.handleDatagram(self.private__di)
  File "otp\distributed\OTPClientRepository.py", line 1873, in handleDatagram
    self.handler(msgType, di)
  File "otp\distributed\OTPClientRepository.py", line 1484, in handlePlayGame
    self.handleUpdateField(di)
  File "otp\distributed\OTPClientRepository.py", line 2191, in handleUpdateField
    self.__doUpdate(doId, di, ovUpdated)
  File "otp\distributed\OTPClientRepository.py", line 2199, in __doUpdate
    do.dclass.receiveUpdate(do, di)
  File "toontown\battle\DistributedBattleBase.py", line 343, in setState
    self.fsm.request(state, [globalClockDelta.localElapsedTime(timestamp)])
  File "D:\Usuario\Downloads\tts\TTISource\Panda3D-1.9.0\direct\fsm\ClassicFSM.py", line 284, in request
    exitArgList)
  File "D:\Usuario\Downloads\tts\TTISource\Panda3D-1.9.0\direct\fsm\ClassicFSM.py", line 231, in __transition
    self.__enter(aState, enterArgList)
  File "D:\Usuario\Downloads\tts\TTISource\Panda3D-1.9.0\direct\fsm\ClassicFSM.py", line 217, in __enter
    aState.enter(argList)
  File "D:\Usuario\Downloads\tts\TTISource\Panda3D-1.9.0\direct\fsm\State.py", line 203, in enter
    apply(self.__enterFunc, argList)
  File "toontown\battle\DistributedBattleBase.py", line 1054, in enterWaitForInput
    self.__adjustTownBattle()
  File "toontown\battle\DistributedBattleBase.py", line 1387, in __adjustTownBattle
    self.townBattle.adjustCogsAndToons(self.activeSuits, luredSuits, trappedSuits, self.activeToons)
  File "toontown\town\TownBattle.py", line 468, in adjustCogsAndToons
    base.localAvatar.inventory.setBattleCreditMultiplier(self.creditMultiplier)
AttributeError: TownBattle instance has no attribute 'creditMultiplier'
