ToontownStart: Polling for game2 to finish...
ToontownStart: Game2 is finished.
ToontownStart: Starting the game.
ToontownStart: setting default font
TTLocalizer: Running in language: english
from toontown.toonbase.TTLocalizerEnglish import *
OTPLocalizer: Running in language: english
from otp.otpbase.OTPLocalizerEnglish import *
ToontownStart: Loading default gui sounds
ToontownStart: serverVersion:  tti-retro-dev
toontown\safezone\DistributedFindFour.py:598: SyntaxWarning: import * only allowed at module level
  def doRandomMove(self):
{401000001: <toontown.distributed.ToontownDistrict.ToontownDistrict instance at 0x1A8C2760>}
entering active SC menu
local
8
Reading DNA file... phase_4/dna/storage.dna
Reading DNA file... phase_3.5/dna/storage_interior.dna
OnscreenText.configure: mayChange == 0
OnscreenText.configure: mayChange == 0
OnscreenText.configure: mayChange == 0
OnscreenText.configure: mayChange == 0
Reading DNA file... phase_4/dna/storage_TT.dna
Reading DNA file... phase_4/dna/storage_TT_sz.dna
Reading DNA file... phase_4/dna/toontown_central_sz.dna
fisherman origin:  render/loader_data/toontownCentral/fishing_pond_1/npc_fisherman_origin_0
Reading DNA file... phase_4/dna/storage_TT_sz.dna
Reading DNA file... phase_4/dna/toontown_central_sz.dna
fisherman origin:  render/loader_data/toontownCentral/fishing_pond_1/npc_fisherman_origin_0
frame rate: 46.2 fps|0.002d|3 avs||343|348||0x1002|0x6739|727.3MB|733.3MB|14307.2MB|797|nt.2.6.1|3.292,3.292|4,4 cpus|DirectX9
frame rate: 45.9 fps|0.002d|3 avs||643|648||0x1002|0x6739|727.5MB|733.4MB|14307.2MB|797|nt.2.6.1|3.292,3.292|4,4 cpus|DirectX9
ignoring InputState-forward
entering active SC menu
local
8
Reading DNA file... phase_4/dna/storage.dna
Reading DNA file... phase_3.5/dna/storage_interior.dna
Reading DNA file... phase_4/dna/storage_TT.dna
Reading DNA file... phase_4/dna/storage_TT_sz.dna
Reading DNA file... phase_4/dna/toontown_central_sz.dna
fisherman origin:  render/loader_data/toontownCentral/fishing_pond_1/npc_fisherman_origin_0
frame rate: 51.4 fps|0.003d|3 avs||1981|1986||0x1002|0x6739|604.1MB|609.4MB|14307.2MB|1164|nt.2.6.1|3.292,3.292|4,4 cpus|DirectX9
OnscreenText.configure: mayChange == 0
OnscreenText.configure: mayChange == 0
OnscreenText.configure: mayChange == 0
OnscreenText.configure: mayChange == 0
Reading DNA file... phase_6/dna/storage_OZ.dna
Reading DNA file... phase_6/dna/storage_OZ_sz.dna
Reading DNA file... phase_6/dna/outdoor_zone_sz.dna
TIMER startTime 3125
phase_3/audio/sfx
phase_3.5/audio/sfx
phase_4/audio/sfx
phase_5/audio/sfx
resources/phase_3/audio/sfx
resources/phase_3.5/audio/sfx
resources/phase_4/audio/sfx
resources/phase_5/audio/sfx

phase_3/audio/sfx
phase_3.5/audio/sfx
phase_4/audio/sfx
phase_5/audio/sfx
resources/phase_3/audio/sfx
resources/phase_3.5/audio/sfx
resources/phase_4/audio/sfx
resources/phase_5/audio/sfx

phase_3/audio/sfx
phase_3.5/audio/sfx
phase_4/audio/sfx
phase_5/audio/sfx
resources/phase_3/audio/sfx
resources/phase_3.5/audio/sfx
resources/phase_4/audio/sfx
resources/phase_5/audio/sfx

phase_3/audio/sfx
phase_3.5/audio/sfx
phase_4/audio/sfx
phase_5/audio/sfx
resources/phase_3/audio/sfx
resources/phase_3.5/audio/sfx
resources/phase_4/audio/sfx
resources/phase_5/audio/sfx

Reading DNA file... phase_6/dna/storage_GZ.dna
Reading DNA file... phase_6/dna/storage_GZ_sz.dna
Reading DNA file... phase_6/dna/golf_zone_sz.dna
Traceback (most recent call last):
  File "C:\Panda3D-1.9.0\direct\distributed\ConnectionRepository.py", line 613, in readerPollUntilEmpty
    while self.readerPollOnce():
  File "C:\Panda3D-1.9.0\direct\distributed\ConnectionRepository.py", line 620, in readerPollOnce
    self.handleDatagram(self.private__di)
  File "otp\distributed\OTPClientRepository.py", line 1882, in handleDatagram
    self.handler(msgType, di)
  File "otp\distributed\OTPClientRepository.py", line 1489, in handlePlayGame
    self.handleGenerateWithRequired(di)
  File "otp\distributed\OTPClientRepository.py", line 1953, in handleGenerateWithRequired
    distObj = self.generateWithRequiredFields(dclass, doId, di, parentId, zoneId)
  File "C:\Panda3D-1.9.0\direct\distributed\ClientRepositoryBase.py", line 265, in generateWithRequiredFields
    distObj.updateRequiredFields(dclass, di)
  File "C:\Panda3D-1.9.0\direct\distributed\DistributedObject.py", line 337, in updateRequiredFields
    self.announceGenerate()
  File "toontown\golf\DistributedGolfCourse.py", line 71, in announceGenerate
    loader.beginBulkLoad('minigame', TTLocalizer.HeadingToMinigameTitle % self.getTitle(), count, 1, TTLocalizer.TIP_GOLF)
TypeError: beginBulkLoad() takes exactly 7 arguments (6 given)
Traceback (most recent call last):
  File "otp\otpbase\OTPBase.py", line 234, in run
    taskMgr.run()
  File "C:\Panda3D-1.9.0\direct\task\Task.py", line 502, in run
    self.step()
  File "C:\Panda3D-1.9.0\direct\task\Task.py", line 460, in step
    self.mgr.poll()
  File "C:\Panda3D-1.9.0\direct\distributed\ConnectionRepository.py", line 613, in readerPollUntilEmpty
    while self.readerPollOnce():
  File "C:\Panda3D-1.9.0\direct\distributed\ConnectionRepository.py", line 620, in readerPollOnce
    self.handleDatagram(self.private__di)
  File "otp\distributed\OTPClientRepository.py", line 1882, in handleDatagram
    self.handler(msgType, di)
  File "otp\distributed\OTPClientRepository.py", line 1489, in handlePlayGame
    self.handleGenerateWithRequired(di)
  File "otp\distributed\OTPClientRepository.py", line 1953, in handleGenerateWithRequired
    distObj = self.generateWithRequiredFields(dclass, doId, di, parentId, zoneId)
  File "C:\Panda3D-1.9.0\direct\distributed\ClientRepositoryBase.py", line 265, in generateWithRequiredFields
    distObj.updateRequiredFields(dclass, di)
  File "C:\Panda3D-1.9.0\direct\distributed\DistributedObject.py", line 337, in updateRequiredFields
    self.announceGenerate()
  File "toontown\golf\DistributedGolfCourse.py", line 71, in announceGenerate
    loader.beginBulkLoad('minigame', TTLocalizer.HeadingToMinigameTitle % self.getTitle(), count, 1, TTLocalizer.TIP_GOLF)
TypeError: beginBulkLoad() takes exactly 7 arguments (6 given)
