ToontownStart: Polling for game2 to finish...
ToontownStart: Game2 is finished.
ToontownStart: Starting the game.
ToontownStart: setting default font
TTLocalizer: Running in language: english
from toontown.toonbase.TTLocalizerEnglish import *
OTPLocalizer: Running in language: english
from otp.otpbase.OTPLocalizerEnglish import *
ToontownStart: Loading default gui sounds
ToontownStart: serverVersion:  tti-retro-dev
Preloading avatars...
Done preloading avatars.
{401000001: <toontown.distributed.ToontownDistrict.ToontownDistrict instance at 0x2E4D31E8>}
entering active SC menu
local
0
Reading DNA file... phase_4/dna/storage.dna
Reading DNA file... phase_3.5/dna/storage_interior.dna
Reading DNA file... phase_8/dna/storage_BR.dna
Reading DNA file... phase_8/dna/storage_BR_sz.dna
Reading DNA file... phase_8/dna/the_burrrgh_sz.dna
empty flat building with no walls
DNALandmarkBuilding sb11:toon_landmark_BR_pet_shop_DNARoot did not find **/*suit_building_origin
fisherman origin:  render/loader_data/theBurrrgh/fishing_pond_1/npc_fisherman_origin_0
OnscreenText.configure: mayChange == 0
OnscreenText.configure: mayChange == 0
OnscreenText.configure: mayChange == 0
OnscreenText.configure: mayChange == 0
Reading DNA file... phase_5.5/dna/storage_estate.dna
Reading DNA file... phase_5.5/dna/estate_1.dna
bobobobobobobo
Current position= (-50.424,  -105.740,  0.897), H: -95.518, Zone: 61007,, Ver: tti-retro-dev, , District: Retroville
Current position= (-40.554,  -110.516,  1.234), H: -164.729, Zone: 61007,, Ver: tti-retro-dev, , District: Retroville
Current position= (-40.895,  -109.270,  1.191), H: -164.729, Zone: 61007,, Ver: tti-retro-dev, , District: Retroville
Current position= (-40.895,  -109.270,  1.191), H: -205.552, Zone: 61007,, Ver: tti-retro-dev, , District: Retroville
Current position= (-39.602,  -109.345,  1.291), H: -273.317, Zone: 61007,, Ver: tti-retro-dev, , District: Retroville
Current position= (-38.118,  -109.431,  1.406), H: -273.317, Zone: 61007,, Ver: tti-retro-dev, , District: Retroville
Current position= (-36.476,  -109.526,  1.533), H: -273.317, Zone: 61007,, Ver: tti-retro-dev, , District: Retroville
Current position= (-34.784,  -109.624,  1.663), H: -273.317, Zone: 61007,, Ver: tti-retro-dev, , District: Retroville
Current position= (-33.524,  -109.697,  1.713), H: -273.317, Zone: 61007,, Ver: tti-retro-dev, , District: Retroville
Current position= (-35.340,  -109.592,  1.620), H: -273.317, Zone: 61007,, Ver: tti-retro-dev, , District: Retroville
Current position= (-49.548,  -107.946,  1.065), H: -276.609, Zone: 61007,, Ver: tti-retro-dev, , District: Retroville
Current position= (-61.115,  -107.384,  0.273), H: -271.653, Zone: 61007,, Ver: tti-retro-dev, , District: Retroville
Current position= (-64.682,  -107.309,  0.025), H: -270.981, Zone: 61007,, Ver: tti-retro-dev, , District: Retroville
Current position= (-66.113,  -107.148,  0.025), H: -278.120, Zone: 61007,, Ver: tti-retro-dev, , District: Retroville
Current position= (-65.363,  -107.367,  0.025), H: -106.288, Zone: 61007,, Ver: tti-retro-dev, , District: Retroville
Current position= (-59.656,  -109.035,  0.388), H: -106.288, Zone: 61007,, Ver: tti-retro-dev, , District: Retroville
Current position= (-59.141,  -109.185,  0.456), H: -106.288, Zone: 61007,, Ver: tti-retro-dev, , District: Retroville
Current position= (-58.464,  -110.286,  0.407), H: -148.426, Zone: 61007,, Ver: tti-retro-dev, , District: Retroville
Current position= (-99.476,  -107.250,  0.025), H: -243.961, Zone: 61007,, Ver: tti-retro-dev, , District: Retroville
frame rate: 96.1 fps|0.002d|0 avs||339|344||0x10de|0x11c8|492.9MB|536.0MB|8136.0MB|1162|nt.2.6.2|3.601,3.601|4,8 cpus|OpenGL
