ToontownStart: Polling for game2 to finish...
ToontownStart: Game2 is finished.
ToontownStart: Starting the game.
ToontownStart: setting default font
TTLocalizer: Running in language: english
from toontown.toonbase.TTLocalizerEnglish import *
OTPLocalizer: Running in language: english
from otp.otpbase.OTPLocalizerEnglish import *
ToontownStart: Loading default gui sounds
ToontownStart: serverVersion:  tti-retro-dev
{401000001: <toontown.distributed.ToontownDistrict.ToontownDistrict instance at 0x2658D760>}
entering active SC menu
local
8
Reading DNA file... phase_4/dna/storage.dna
Reading DNA file... phase_3.5/dna/storage_interior.dna
Reading DNA file... phase_4/dna/storage_TT.dna
Reading DNA file... phase_4/dna/storage_TT_sz.dna
Reading DNA file... phase_4/dna/toontown_central_sz.dna
fisherman origin:  render/loader_data/toontownCentral/fishing_pond_1/npc_fisherman_origin_0
updating achievements page
updating achievements page
frame rate: 59.8 fps|0.003d|6 avs||319|322||0x1002|0x6739|767.9MB|773.5MB|14307.2MB|738|nt.2.6.1|3.292,3.292|4,4 cpus|DirectX9
entering active SC menu
entering active SC menu
entering active SC menu
entering active SC menu
entering active SC menu
entering active SC menu
frame rate: 57.4 fps|0.003d|6 avs||619|622||0x1002|0x6739|773.2MB|778.4MB|14307.2MB|739|nt.2.6.1|3.292,3.292|4,4 cpus|DirectX9
entering active SC menu
entering active SC menu
frame rate: 60.0 fps|0.000d|6 avs||919|922||0x1002|0x6739|773.6MB|778.9MB|14307.2MB|739|nt.2.6.1|3.292,3.292|4,4 cpus|DirectX9
entering active SC menu
entering active SC menu
entering active SC menu
frame rate: 60.0 fps|0.000d|6 avs||1219|1222||0x1002|0x6739|774.8MB|779.7MB|14307.2MB|739|nt.2.6.1|3.292,3.292|4,4 cpus|DirectX9
entering active SC menu
entering active SC menu
entering active SC menu
entering active SC menu
entering active SC menu
entering active SC menu
entering active SC menu
entering active SC menu
entering active SC menu
entering active SC menu
entering active SC menu
entering active SC menu
entering active SC menu
frame rate: 59.8 fps|0.002d|5 avs||1519|1522||0x1002|0x6739|779.3MB|784.2MB|14307.2MB|740|nt.2.6.1|3.292,3.292|4,4 cpus|DirectX9
entering active SC menu
ignoring InputState-forward
