ToontownStart: Polling for game2 to finish...
ToontownStart: Game2 is finished.
ToontownStart: Starting the game.
ToontownStart: setting default font
TTLocalizer: Running in language: english
from toontown.toonbase.TTLocalizerEnglish import *
OTPLocalizer: Running in language: english
from otp.otpbase.OTPLocalizerEnglish import *
ToontownStart: Loading default gui sounds
ToontownStart: serverVersion:  tti-retro-dev
Preloading avatars...
Done preloading avatars.
{401000001: <toontown.distributed.ToontownDistrict.ToontownDistrict instance at 0x2F4AF238>}
entering active SC menu
local
1
Reading DNA file... phase_4/dna/storage.dna
Reading DNA file... phase_3.5/dna/storage_interior.dna
updating achievements page
updating achievements page
updating achievements page
frame rate: 47.1 fps|0.004d|13 avs||439|444||0x10de|0x11c8|504.0MB|563.0MB|8136.0MB|1049|nt.2.6.2|3.601,3.601|4,8 cpus|OpenGL
frame rate: 39.5 fps|0.015d|13 avs||739|744||0x10de|0x11c8|528.2MB|587.2MB|8136.0MB|1058|nt.2.6.2|3.601,3.601|4,8 cpus|OpenGL
Reading DNA file... phase_8/dna/storage_BR.dna
Reading DNA file... phase_8/dna/storage_BR_sz.dna
Reading DNA file... phase_8/dna/the_burrrgh_sz.dna
empty flat building with no walls
DNALandmarkBuilding sb11:toon_landmark_BR_pet_shop_DNARoot did not find **/*suit_building_origin
updating achievements page
fisherman origin:  render/loader_data/theBurrrgh/fishing_pond_1/npc_fisherman_origin_0
updating achievements page
OnscreenText.configure: mayChange == 0
OnscreenText.configure: mayChange == 0
OnscreenText.configure: mayChange == 0
OnscreenText.configure: mayChange == 0
updating achievements page
updating achievements page
updating achievements page
updating achievements page
updating achievements page
frame rate: 43.7 fps|0.022d|13 avs||1039|1044||0x10de|0x11c8|629.6MB|688.7MB|8136.0MB|1157|nt.2.6.2|3.601,3.601|4,8 cpus|OpenGL
Reading DNA file... phase_8/dna/storage_BR.dna
Reading DNA file... phase_8/dna/storage_BR_sz.dna
Reading DNA file... phase_8/dna/the_burrrgh_sz.dna
empty flat building with no walls
DNALandmarkBuilding sb11:toon_landmark_BR_pet_shop_DNARoot did not find **/*suit_building_origin
updating achievements page
fisherman origin:  render/loader_data/theBurrrgh/fishing_pond_1/npc_fisherman_origin_0
updating achievements page
frame rate: 46.4 fps|0.018d|2 avs||1339|1344||0x10de|0x11c8|653.1MB|712.2MB|8136.0MB|1185|nt.2.6.2|3.601,3.601|4,8 cpus|OpenGL
frame rate: 71.5 fps|0.001d|2 avs||1639|1644||0x10de|0x11c8|653.2MB|712.3MB|8136.0MB|1185|nt.2.6.2|3.601,3.601|4,8 cpus|OpenGL
0.0 5.83750009537 -1.20000004768 0.800000011921
LPoint3f(-3.48575, 0.05, -2.9)
updating achievements page
0.0 5.83750009537 -1.20000004768 0.800000011921
LPoint3f(-3.48575, 0.05, -2.9)
0.0 5.83750009537 -1.20000004768 0.800000011921
LPoint3f(-3.48575, 0.05, -2.9)
updating achievements page
frame rate: 75.6 fps|0.002d|2 avs||1939|1944||0x10de|0x11c8|597.1MB|712.5MB|8136.0MB|1206|nt.2.6.2|3.601,3.601|4,8 cpus|OpenGL
frame rate: 77.6 fps|0.002d|2 avs||2239|2244||0x10de|0x11c8|494.7MB|712.7MB|8136.0MB|1206|nt.2.6.2|3.601,3.601|4,8 cpus|OpenGL
ignoring InputState-forward
entering active SC menu
local
1
Reading DNA file... phase_4/dna/storage.dna
Reading DNA file... phase_3.5/dna/storage_interior.dna
Reading DNA file... phase_8/dna/storage_BR.dna
Reading DNA file... phase_8/dna/storage_BR_sz.dna
Reading DNA file... phase_8/dna/the_burrrgh_sz.dna
empty flat building with no walls
DNALandmarkBuilding sb11:toon_landmark_BR_pet_shop_DNARoot did not find **/*suit_building_origin
fisherman origin:  render/loader_data/theBurrrgh/fishing_pond_1/npc_fisherman_origin_0
ToonAvatarDetailPanel None
frame rate: 67.3 fps|0.002d|1 avs||3342|3347||0x10de|0x11c8|446.4MB|721.9MB|8136.0MB|1655|nt.2.6.2|3.601,3.601|4,8 cpus|OpenGL
ToonAvatarDetailPanel None
Whisper button was pressed
updating achievements page
ignoring InputState-forward
