ToontownStart: Polling for game2 to finish...
ToontownStart: Game2 is finished.
ToontownStart: Starting the game.
ToontownStart: setting default font
TTLocalizer: Running in language: english
from toontown.toonbase.TTLocalizerEnglish import *
OTPLocalizer: Running in language: english
from otp.otpbase.OTPLocalizerEnglish import *
ToontownStart: Loading default gui sounds
ToontownStart: serverVersion:  tti-retro-dev
Preloading avatars...
Done preloading avatars.
{402000001: <toontown.distributed.ToontownDistrict.ToontownDistrict instance at 0x23E6B328>, 401000001: <toontown.distributed.ToontownDistrict.ToontownDistrict instance at 0x23E77760>}
entering active SC menu
local
4
Reading DNA file... phase_4/dna/storage.dna
Reading DNA file... phase_3.5/dna/storage_interior.dna
Reading DNA file... phase_4/dna/storage_TT.dna
Reading DNA file... phase_4/dna/storage_TT_sz.dna
Reading DNA file... phase_4/dna/toontown_central_sz.dna
fisherman origin:  render/loader_data/toontownCentral/fishing_pond_1/npc_fisherman_origin_0
updating achievements page
0.0 6.66250038147 -1.20000004768 0.800000011921
LPoint3f(-3.96425, 0.05, -2.9)
updating achievements page
ToonAvatarDetailPanel None
frame rate: 40.7 fps|0.038d|1 avs||326|335||0x1002|0x6739|459.7MB|518.8MB|14307.2MB|3571|nt.2.6.1|3.292,3.292|4,4 cpus|OpenGL
frame rate: 48.3 fps|0.005d|1 avs||626|635||0x1002|0x6739|460.0MB|518.9MB|14307.2MB|3571|nt.2.6.1|3.292,3.292|4,4 cpus|OpenGL
ignoring InputState-forward
entering active SC menu
local
4
Reading DNA file... phase_4/dna/storage.dna
Reading DNA file... phase_3.5/dna/storage_interior.dna
Reading DNA file... phase_4/dna/storage_TT.dna
Reading DNA file... phase_4/dna/storage_TT_sz.dna
Reading DNA file... phase_4/dna/toontown_central_sz.dna
fisherman origin:  render/loader_data/toontownCentral/fishing_pond_1/npc_fisherman_origin_0
0.0 7.41250038147 -2.20000004768 0.800000011921
LPoint3f(-4.39925, 0.05, -3.4)
updating achievements page
ignoring InputState-forward
