ToontownStart: Polling for game2 to finish...
ToontownStart: Game2 is finished.
ToontownStart: Starting the game.
ToontownStart: setting default font
TTLocalizer: Running in language: english
from toontown.toonbase.TTLocalizerEnglish import *
OTPLocalizer: Running in language: english
from otp.otpbase.OTPLocalizerEnglish import *
Traceback (most recent call last):
  File "C:\Panda3D-1.9.0\python\lib\runpy.py", line 162, in _run_module_as_main
    "__main__", fname, loader, pkg_name)
  File "C:\Panda3D-1.9.0\python\lib\runpy.py", line 72, in _run_code
    exec code in run_globals
  File "C:\Users\Owner\Desktop\TTI\ToontownInfiniteRetro\toontown\toonbase\ToontownStart.py", line 44, in <module>
    ToonBase.ToonBase()
  File "toontown\toonbase\ToonBase.py", line 32, in __init__
    OTPBase.OTPBase.__init__(self)
  File "otp\otpbase\OTPBase.py", line 13, in __init__
    ShowBase.__init__(self, windowType=windowType)
  File "C:\Panda3D-1.9.0\direct\showbase\ShowBase.py", line 244, in __init__
    self.openDefaultWindow(startDirect = False, props=props)
  File "C:\Panda3D-1.9.0\direct\showbase\ShowBase.py", line 887, in openDefaultWindow
    self.openMainWindow(*args, **kw)
  File "toontown\toonbase\ToonBase.py", line 151, in openMainWindow
    result = OTPBase.OTPBase.openMainWindow(self, *args, **kw)
  File "otp\otpbase\OTPBase.py", line 226, in openMainWindow
    result = ShowBase.openMainWindow(self, *args, **kw)
  File "C:\Panda3D-1.9.0\direct\showbase\ShowBase.py", line 923, in openMainWindow
    self.openWindow(*args, **kw)
  File "C:\Panda3D-1.9.0\direct\showbase\ShowBase.py", line 637, in openWindow
    win = func()
  File "C:\Panda3D-1.9.0\direct\showbase\ShowBase.py", line 623, in <lambda>
    callbackWindowDict = callbackWindowDict)
  File "C:\Panda3D-1.9.0\direct\showbase\ShowBase.py", line 689, in _doOpenWindow
    self.makeDefaultPipe()
  File "C:\Panda3D-1.9.0\direct\showbase\ShowBase.py", line 527, in makeDefaultPipe
    "No graphics pipe is available!\n"
  File "C:\Panda3D-1.9.0\direct\directnotify\Notifier.py", line 136, in error
    raise exception(errorString)
StandardError: No graphics pipe is available!
Your Config.prc file must name at least one valid panda display
library via load-display or aux-display.
