ToontownStart: Polling for game2 to finish...
ToontownStart: Game2 is finished.
ToontownStart: Starting the game.
ToontownStart: setting default font
TTLocalizer: Running in language: english
from toontown.toonbase.TTLocalizerEnglish import *
OTPLocalizer: Running in language: english
from otp.otpbase.OTPLocalizerEnglish import *
ToontownStart: Loading default gui sounds
ToontownStart: serverVersion:  tti-retro-dev
{401000001: <toontown.distributed.ToontownDistrict.ToontownDistrict instance at 0x25697E90>}
entering active SC menu
local
8
Reading DNA file... phase_4/dna/storage.dna
Reading DNA file... phase_3.5/dna/storage_interior.dna
OnscreenText.configure: mayChange == 0
OnscreenText.configure: mayChange == 0
OnscreenText.configure: mayChange == 0
OnscreenText.configure: mayChange == 0
Reading DNA file... phase_4/dna/storage_TT.dna
Reading DNA file... phase_4/dna/storage_TT_sz.dna
Reading DNA file... phase_4/dna/toontown_central_sz.dna
fisherman origin:  render/loader_data/toontownCentral/fishing_pond_1/npc_fisherman_origin_0
frame rate: 59.8 fps|0.002d|1 avs||324|329||0x1002|0x6739|807.6MB|813.8MB|14307.2MB|776|nt.2.6.1|3.292,3.292|4,4 cpus|DirectX9
frame rate: 60.0 fps|0.000d|1 avs||624|629||0x1002|0x6739|807.8MB|813.9MB|14307.2MB|776|nt.2.6.1|3.292,3.292|4,4 cpus|DirectX9
frame rate: 60.0 fps|0.000d|1 avs||924|929||0x1002|0x6739|807.9MB|814.1MB|14307.2MB|776|nt.2.6.1|3.292,3.292|4,4 cpus|DirectX9
ignoring InputState-forward
entering active SC menu
local
8
Reading DNA file... phase_4/dna/storage.dna
Reading DNA file... phase_3.5/dna/storage_interior.dna
Reading DNA file... phase_4/dna/storage_TT.dna
Reading DNA file... phase_4/dna/storage_TT_sz.dna
Reading DNA file... phase_4/dna/toontown_central_sz.dna
fisherman origin:  render/loader_data/toontownCentral/fishing_pond_1/npc_fisherman_origin_0
OnscreenText.configure: mayChange == 0
OnscreenText.configure: mayChange == 0
OnscreenText.configure: mayChange == 0
OnscreenText.configure: mayChange == 0
frame rate: 60.0 fps|0.000d|1 avs||1724|1729||0x1002|0x6739|872.7MB|878.4MB|14307.2MB|1153|nt.2.6.1|3.292,3.292|4,4 cpus|DirectX9
frame rate: 60.0 fps|0.000d|1 avs||2024|2029||0x1002|0x6739|872.8MB|878.5MB|14307.2MB|1153|nt.2.6.1|3.292,3.292|4,4 cpus|DirectX9
ignoring InputState-forward
