ToontownStart: Polling for game2 to finish...
ToontownStart: Game2 is finished.
ToontownStart: Starting the game.
ToontownStart: setting default font
TTLocalizer: Running in language: english
from toontown.toonbase.TTLocalizerEnglish import *
OTPLocalizer: Running in language: english
from otp.otpbase.OTPLocalizerEnglish import *
ToontownStart: Loading default gui sounds
ToontownStart: serverVersion:  tti-retro-dev
Preloading avatars...
Done preloading avatars.
{401000001: <toontown.distributed.ToontownDistrict.ToontownDistrict instance at 0x235860A8>}
entering active SC menu
local
0
Reading DNA file... phase_4/dna/storage.dna
Reading DNA file... phase_3.5/dna/storage_interior.dna
OnscreenText.configure: mayChange == 0
OnscreenText.configure: mayChange == 0
OnscreenText.configure: mayChange == 0
OnscreenText.configure: mayChange == 0
Reading DNA file... phase_5.5/dna/storage_estate.dna
Reading DNA file... phase_5.5/dna/estate_1.dna
Current position= (-74.712,  -99.777,  0.025), H: -235.246, Zone: 61000,, Ver: tti-retro-dev, , District: Retroville
Current position= (-76.163,  -95.055,  0.025), H: -330.448, Zone: 61000,, Ver: tti-retro-dev, , District: Retroville
Current position= (-83.432,  -108.710,  0.025), H: -211.543, Zone: 61000,, Ver: tti-retro-dev, , District: Retroville
Current position= (-84.693,  -109.936,  0.025), H: -193.925, Zone: 61000,, Ver: tti-retro-dev, , District: Retroville
Current position= (-88.036,  -108.733,  0.025), H: -318.178, Zone: 61000,, Ver: tti-retro-dev, , District: Retroville
Current position= (-91.789,  -105.402,  0.025), H: -311.592, Zone: 61000,, Ver: tti-retro-dev, , District: Retroville
Current position= (-96.265,  -101.429,  0.025), H: -311.592, Zone: 61000,, Ver: tti-retro-dev, , District: Retroville
frame rate: 107.1 fps|0.003d|0 avs||329|335||0x10de|0x11c8|484.3MB|527.9MB|8136.0MB|1225|nt.2.6.2|3.601,3.601|4,8 cpus|OpenGL
