ToontownStart: Polling for game2 to finish...
ToontownStart: Game2 is finished.
ToontownStart: Starting the game.
ToontownStart: setting default font
TTLocalizer: Running in language: english
from toontown.toonbase.TTLocalizerEnglish import *
OTPLocalizer: Running in language: english
from otp.otpbase.OTPLocalizerEnglish import *
ToontownStart: Loading default gui sounds
ToontownStart: serverVersion:  tti-retro-dev
Preloading avatars...
Done preloading avatars.
{401000001: <toontown.distributed.ToontownDistrict.ToontownDistrict instance at 0x2363B328>}
entering active SC menu
local
0
Reading DNA file... phase_3.5/dna/storage_tutorial.dna
Reading DNA file... phase_3.5/dna/storage_interior.dna
Reading DNA file... phase_3.5/dna/tutorial_street.dna
Hello there im a distributedTutorialInteriorAI
Setting up Toontorial dna! :D
Reading DNA file... phase_3.5/dna/tutorial_street.dna
Battle Event localtoon-battle-event-3
OnscreenText.configure: mayChange == 0
OnscreenText.configure: mayChange == 0
OnscreenText.configure: mayChange == 0
OnscreenText.configure: mayChange == 0
OnscreenText.configure: mayChange == 0
OnscreenText.configure: mayChange == 0
OnscreenText.configure: mayChange == 0
OnscreenText.configure: mayChange == 0
Reading DNA file... phase_4/dna/storage.dna
Reading DNA file... phase_3.5/dna/storage_interior.dna
Reading DNA file... phase_4/dna/storage_TT.dna
Reading DNA file... phase_4/dna/storage_TT_sz.dna
Reading DNA file... phase_4/dna/toontown_central_sz.dna
fisherman origin:  render/loader_data/toontownCentral/fishing_pond_1/npc_fisherman_origin_0
OnscreenText.configure: mayChange == 0
OnscreenText.configure: mayChange == 0
OnscreenText.configure: mayChange == 0
OnscreenText.configure: mayChange == 0
updating achievements page
frame rate: 58.4 fps|0.004d|2 avs||370|376||0x1002|0x6739|484.2MB|493.7MB|14307.2MB|1014|nt.2.6.1|3.292,3.292|4,4 cpus|OpenGL
updating achievements page
OnscreenText.configure: mayChange == 0
OnscreenText.configure: mayChange == 0
OnscreenText.configure: mayChange == 0
OnscreenText.configure: mayChange == 0
updating achievements page
updating achievements page
updating achievements page
handleButton
0.0 6.1500005722 -1.20000004768 0.800000011921
LPoint3f(-3.667, 0.05, -2.9)
updating achievements page
frame rate: 46.6 fps|0.002d|4 avs||670|676||0x1002|0x6739|501.2MB|537.0MB|14307.2MB|1159|nt.2.6.1|3.292,3.292|4,4 cpus|OpenGL
updating achievements page
updating achievements page
updating achievements page
frame rate: 48.5 fps|0.001d|5 avs||970|976||0x1002|0x6739|512.0MB|548.0MB|14307.2MB|1186|nt.2.6.1|3.292,3.292|4,4 cpus|OpenGL
updating achievements page
updating achievements page
updating achievements page
updating achievements page
OnscreenText.configure: mayChange == 0
OnscreenText.configure: mayChange == 0
OnscreenText.configure: mayChange == 0
OnscreenText.configure: mayChange == 0
updating achievements page
updating achievements page
updating achievements page
updating achievements page
frame rate: 67.5 fps|0.010d|2 avs||1270|1276||0x1002|0x6739|514.8MB|550.4MB|14307.2MB|1330|nt.2.6.1|3.292,3.292|4,4 cpus|OpenGL
Reading DNA file... phase_4/dna/storage_TT_sz.dna
Reading DNA file... phase_4/dna/toontown_central_sz.dna
fisherman origin:  render/loader_data/toontownCentral/fishing_pond_1/npc_fisherman_origin_0
ignoring InputState-forward
