ToontownStart: Polling for game2 to finish...
ToontownStart: Game2 is finished.
ToontownStart: Starting the game.
ToontownStart: setting default font
TTLocalizer: Running in language: english
from toontown.toonbase.TTLocalizerEnglish import *
OTPLocalizer: Running in language: english
from otp.otpbase.OTPLocalizerEnglish import *
ToontownStart: Loading default gui sounds
ToontownStart: serverVersion:  tti-retro-dev
Preloading avatars...
Done preloading avatars.
{402000001: <toontown.distributed.ToontownDistrict.ToontownDistrict instance at 0x2361E328>, 401000001: <toontown.distributed.ToontownDistrict.ToontownDistrict instance at 0x2362A760>}
entering active SC menu
local
4
Reading DNA file... phase_4/dna/storage.dna
Reading DNA file... phase_3.5/dna/storage_interior.dna
Reading DNA file... phase_4/dna/storage_TT.dna
Reading DNA file... phase_4/dna/storage_TT_sz.dna
Reading DNA file... phase_4/dna/toontown_central_sz.dna
fisherman origin:  render/loader_data/toontownCentral/fishing_pond_1/npc_fisherman_origin_0
updating achievements page
updating achievements page
updating achievements page
updating achievements page
updating achievements page
handleButton
0.0 6.5875005722 -1.20000004768 0.800000011921
LPoint3f(-3.92075, 0.05, -2.9)
updating achievements page
updating achievements page
updating achievements page
frame rate: 27.7 fps|0.017d|7 avs||326|332||0x1002|0x6739|482.7MB|541.6MB|14307.2MB|1967|nt.2.6.1|3.292,3.292|4,4 cpus|OpenGL
updating achievements page
ignoring InputState-forward
{}
{401000001: <toontown.distributed.ToontownDistrict.ToontownDistrict instance at 0x2371CA80>}
{401000001: <toontown.distributed.ToontownDistrict.ToontownDistrict instance at 0x2371CA80>}
entering active SC menu
local
5
Reading DNA file... phase_4/dna/storage.dna
Reading DNA file... phase_3.5/dna/storage_interior.dna
Reading DNA file... phase_4/dna/storage_TT.dna
Reading DNA file... phase_4/dna/storage_TT_sz.dna
Reading DNA file... phase_4/dna/toontown_central_sz.dna
fisherman origin:  render/loader_data/toontownCentral/fishing_pond_1/npc_fisherman_origin_0
updating achievements page
updating achievements page
updating achievements page
updating achievements page
updating achievements page
updating achievements page
fisherman origin:  hidden/loader_data/toontownCentral/fishing_pond_1/npc_fisherman_origin_0
updating achievements page
updating achievements page
updating achievements page
Reading DNA file... phase_5/dna/storage_town.dna
Reading DNA file... phase_5/dna/storage_TT_town.dna
Reading DNA file... phase_5/dna/toontown_central_2200.dna
DNALandmarkBuilding sb42:toon_landmark_hqTT_DNARoot did not find **/*suit_building_origin
updating achievements page
0.0 6.66250038147 -1.20000004768 0.800000011921
LPoint3f(-3.96425, 0.05, -2.9)
updating achievements page
Reading DNA file... phase_4/dna/storage_TT_sz.dna
Reading DNA file... phase_4/dna/toontown_central_sz.dna
fisherman origin:  render/loader_data/toontownCentral/fishing_pond_1/npc_fisherman_origin_0
updating achievements page
updating achievements page
updating achievements page
updating achievements page
frame rate: 30.1 fps|0.051d|5 avs||782|787||0x1002|0x6739|554.8MB|585.0MB|14307.2MB|5470|nt.2.6.1|3.292,3.292|4,4 cpus|OpenGL
updating achievements page
Reading DNA file... phase_5/dna/storage_town.dna
Reading DNA file... phase_5/dna/storage_TT_town.dna
Reading DNA file... phase_5/dna/toontown_central_2300.dna
DNALandmarkBuilding sb32:toon_landmark_hqTT_DNARoot did not find **/*suit_building_origin
0.0 6.96250009537 -1.20000004768 0.800000011921
LPoint3f(-4.13825, 0.05, -2.9)
fisherman origin:  render/town_top_level/toontownCentral/2341/fishing_pond_1/npc_fisherman_origin_0
Battle Event localtoon-battle-event-3
frame rate: 40.9 fps|0.020d|2 avs||1082|1087||0x1002|0x6739|582.0MB|618.8MB|14307.2MB|8688|nt.2.6.1|3.292,3.292|4,4 cpus|OpenGL
0.0 6.4375 -1.20000004768 0.800000011921
LPoint3f(-3.83375, 0.05, -2.9)
OnscreenText.configure: mayChange == 0
OnscreenText.configure: mayChange == 0
OnscreenText.configure: mayChange == 0
OnscreenText.configure: mayChange == 0
Battle Event localtoon-battle-event-8
chooseFireOpenShot <function avatarCloseUpThrowShot at 0x1E4E1070>
chooseFireOpenShot <function avatarCloseUpThreeQuarterLeftFireShot at 0x1E4E1670>
Warning: NodePath.remove() is deprecated.  Use remove_node() instead.
Reading DNA file... phase_5/dna/storage_town.dna
Reading DNA file... phase_5/dna/storage_TT_town.dna
Reading DNA file... phase_5/dna/toontown_central_2300.dna
DNALandmarkBuilding sb32:toon_landmark_hqTT_DNARoot did not find **/*suit_building_origin
fisherman origin:  render/town_top_level/toontownCentral/2341/fishing_pond_1/npc_fisherman_origin_0
Reading DNA file... phase_6/dna/storage_DD.dna
Reading DNA file... phase_5/dna/storage_town.dna
Reading DNA file... phase_6/dna/storage_DD_town.dna
Reading DNA file... phase_6/dna/donalds_dock_1100.dna
DNALandmarkBuilding sb29:toon_landmark_hqDD_DNARoot did not find **/*suit_building_origin
fisherman origin:  render/town_top_level/donaldsDock/1129/fishing_pond_1/npc_fisherman_origin_0
Battle Event localtoon-battle-event-13
fisherman origin:  render/town_top_level/donaldsDock/1129/fishing_pond_1/npc_fisherman_origin_0
fisherman origin:  render/town_top_level/donaldsDock/1129/fishing_pond_1/npc_fisherman_origin_0
fisherman origin:  render/town_top_level/donaldsDock/1129/fishing_pond_1/npc_fisherman_origin_0
Battle Event localtoon-battle-event-19
chooseFireOpenShot <function suitGroupThreeQuarterLeftBehindShot at 0x1E4DFF30>
chooseFireOpenShot <function avatarCloseUpFireShot at 0x1E4E1630>
Warning: NodePath.remove() is deprecated.  Use remove_node() instead.
fisherman origin:  render/town_top_level/donaldsDock/1129/fishing_pond_1/npc_fisherman_origin_0
frame rate: 31.2 fps|0.041d|6 avs||1382|1387||0x1002|0x6739|683.5MB|721.6MB|14307.2MB|11794|nt.2.6.1|3.292,3.292|4,4 cpus|OpenGL
fisherman origin:  render/town_top_level/donaldsDock/1129/fishing_pond_1/npc_fisherman_origin_0
Reading DNA file... phase_6/dna/storage_DD_sz.dna
Reading DNA file... phase_6/dna/donalds_dock_sz.dna
DNALandmarkBuilding sb10:toon_landmark_DD_pet_shop_DNARoot did not find **/*suit_building_origin
fisherman origin:  render/loader_data/donaldsDock/fishing_pond_1/npc_fisherman_origin_0
0.0 6.96250009537 -1.20000004768 0.800000011921
LPoint3f(-4.13825, 0.05, -2.9)
Reading DNA file... phase_6/dna/storage_OZ.dna
Reading DNA file... phase_6/dna/storage_OZ_sz.dna
Reading DNA file... phase_6/dna/outdoor_zone_sz.dna
TIMER startTime 1723
Reading DNA file... phase_6/dna/storage_GZ.dna
Reading DNA file... phase_6/dna/storage_GZ_sz.dna
Reading DNA file... phase_6/dna/golf_zone_sz.dna
updating achievements page
frame rate: 40.4 fps|0.020d|0 avs||1682|1687||0x1002|0x6739|721.8MB|758.2MB|14307.2MB|13550|nt.2.6.1|3.292,3.292|4,4 cpus|OpenGL
GOLF COURSE DELETE
ignoring InputState-forward
